#
# A fatal error has been detected by the Java Runtime Environment:
#
#  EXCEPTION_ACCESS_VIOLATION (0xc0000005) at pc=0x00007ff98b3a72a6, pid=16264, tid=10448
#
# JRE version: Java(TM) SE Runtime Environment (8.0_91-b14) (build 1.8.0_91-b14)
# Java VM: Java HotSpot(TM) 64-Bit Server VM (25.91-b14 mixed mode windows-amd64 compressed oops)
# Problematic frame:
# C  [ntdll.dll+0x72a6]
#
# Failed to write core dump. Minidumps are not enabled by default on client versions of Windows
#
# If you would like to submit a bug report, please visit:
#   http://bugreport.java.com/bugreport/crash.jsp
# The crash happened outside the Java Virtual Machine in native code.
# See problematic frame for where to report the bug.
#

---------------  T H R E A D  ---------------

Current thread (0x00000000170d9800):  JavaThread "Thread-6" [_thread_in_native, id=10448, stack(0x000000001e160000,0x000000001e260000)]

siginfo: ExceptionCode=0xc0000005, writing address 0x0000000000000024

Registers:
RAX=0x0000000000000000, RBX=0x00000000181746e8, RCX=0x00000000181746e8, RDX=0x00000000fffffffa
RSP=0x000000001e25edb0, RBP=0x00007ff94de10600, RSI=0x0000000000000000, RDI=0x0000000000000000
R8 =0x0000000000000000, R9 =0x0000000018174600, R10=0x0000000000000000, R11=0x0000000000000246
R12=0x0000000000000000, R13=0x00000000005dc000, R14=0x0000000000000001, R15=0x0000000000000000
RIP=0x00007ff98b3a72a6, EFLAGS=0x0000000000010213

Top of Stack: (sp=0x000000001e25edb0)
0x000000001e25edb0:   ffffffffffffffff 00000000181746e8
0x000000001e25edc0:   00000000eba81d38 00000000c2e36350
0x000000001e25edd0:   00000000c236da78 00000000c236dbe0
0x000000001e25ede0:   0000000000000000 000000001498dfc6
0x000000001e25edf0:   000000001e25ee00 00000000fffffffa
0x000000001e25ee00:   00000000005dc000 0000000000000500
0x000000001e25ee10:   0000000000000000 0000000000000000
0x000000001e25ee20:   00000000000002d0 0000000000000500
0x000000001e25ee30:   000000001e25ee90 00000000026d835d
0x000000001e25ee40:   0000fe75e6963ba5 00000000eba81d38
0x000000001e25ee50:   00000000170d9800 0000000000000001
0x000000001e25ee60:   0000000000000001 0000000000000001
0x000000001e25ee70:   0000000000000000 00000000181746e8
0x000000001e25ee80:   00007ff94de10600 00007ff98b3bb576
0x000000001e25ee90:   000000001e25ef20 00000000026d835d
0x000000001e25eea0:   00000000fffffffa ffffffffff676980 

Instructions: (pc=0x00007ff98b3a72a6)
0x00007ff98b3a7286:   48 39 73 18 0f 84 d1 00 00 00 48 8b 03 48 83 f8
0x00007ff98b3a7296:   ff 0f 84 d1 00 00 00 44 8b fe 48 83 f8 ff 74 03
0x00007ff98b3a72a6:   ff 40 24 4c 8b 73 18 4c 8d 2d 44 82 15 00 bd 22
0x00007ff98b3a72b6:   17 00 00 e8 82 89 03 00 85 c0 0f 85 de 0b 0a 00 


Register to memory mapping:

RAX=0x0000000000000000 is an unknown value
RBX=0x00000000181746e8 is an unknown value
RCX=0x00000000181746e8 is an unknown value
RDX=0x00000000fffffffa is an unallocated location in the heap
RSP=0x000000001e25edb0 is pointing into the stack for thread: 0x00000000170d9800
RBP=0x00007ff94de10600 is an unknown value
RSI=0x0000000000000000 is an unknown value
RDI=0x0000000000000000 is an unknown value
R8 =0x0000000000000000 is an unknown value
R9 =0x0000000018174600 is an unknown value
R10=0x0000000000000000 is an unknown value
R11=0x0000000000000246 is an unknown value
R12=0x0000000000000000 is an unknown value
R13=0x00000000005dc000 is an unknown value
R14=0x0000000000000001 is an unknown value
R15=0x0000000000000000 is an unknown value


Stack: [0x000000001e160000,0x000000001e260000],  sp=0x000000001e25edb0,  free space=1019k
Native frames: (J=compiled Java code, j=interpreted, Vv=VM code, C=native code)
C  [ntdll.dll+0x72a6]
C  [ntdll.dll+0x1b576]
C  [ntdll.dll+0x1b3c0]
C  [opencv_highgui246.dll+0x200d3]
C  [opencv_highgui246.dll+0x210b6]
C  [opencv_highgui246.dll+0x10b2]
C  [jniopencv_highgui.dll+0x75d9]
C  0x00000000026e7f54

Java frames: (J=compiled Java code, j=interpreted, Vv=VM code)
j  com.googlecode.javacv.cpp.opencv_highgui.cvQueryFrame(Lcom/googlecode/javacv/cpp/opencv_highgui$CvCapture;)Lcom/googlecode/javacv/cpp/opencv_core$IplImage;+0
j  hotel_management_system.Camera.run()V+52
j  java.lang.Thread.run()V+11
v  ~StubRoutines::call_stub

---------------  P R O C E S S  ---------------

Java Threads: ( => current thread )
=>0x00000000170d9800 JavaThread "Thread-6" [_thread_in_native, id=10448, stack(0x000000001e160000,0x000000001e260000)]
  0x0000000018546800 JavaThread "mysql-cj-abandoned-connection-cleanup" daemon [_thread_blocked, id=8820, stack(0x000000001a250000,0x000000001a350000)]
  0x000000001852c000 JavaThread "TimerQueue" daemon [_thread_in_Java, id=13784, stack(0x000000001a150000,0x000000001a250000)]
  0x0000000000c3e000 JavaThread "DestroyJavaVM" [_thread_blocked, id=8196, stack(0x00000000024d0000,0x00000000025d0000)]
  0x00000000180e6800 JavaThread "AWT-EventQueue-0" [_thread_in_native, id=7220, stack(0x0000000018fe0000,0x00000000190e0000)]
  0x000000001808d800 JavaThread "AWT-Windows" daemon [_thread_in_native, id=3980, stack(0x0000000018930000,0x0000000018a30000)]
  0x000000001808a800 JavaThread "AWT-Shutdown" [_thread_blocked, id=13576, stack(0x0000000018830000,0x0000000018930000)]
  0x0000000018086000 JavaThread "Java2D Disposer" daemon [_thread_blocked, id=14276, stack(0x0000000018730000,0x0000000018830000)]
  0x00000000170bf800 JavaThread "Service Thread" daemon [_thread_blocked, id=5552, stack(0x0000000017bf0000,0x0000000017cf0000)]
  0x0000000017025000 JavaThread "C1 CompilerThread3" daemon [_thread_blocked, id=15800, stack(0x0000000017af0000,0x0000000017bf0000)]
  0x0000000017022000 JavaThread "C2 CompilerThread2" daemon [_thread_blocked, id=11072, stack(0x00000000179f0000,0x0000000017af0000)]
  0x000000001701d000 JavaThread "C2 CompilerThread1" daemon [_thread_blocked, id=1988, stack(0x00000000178f0000,0x00000000179f0000)]
  0x0000000017019800 JavaThread "C2 CompilerThread0" daemon [_thread_blocked, id=9648, stack(0x00000000177f0000,0x00000000178f0000)]
  0x0000000017018000 JavaThread "Attach Listener" daemon [_thread_blocked, id=7232, stack(0x00000000176f0000,0x00000000177f0000)]
  0x0000000017017000 JavaThread "Signal Dispatcher" daemon [_thread_blocked, id=3076, stack(0x00000000175f0000,0x00000000176f0000)]
  0x00000000026c9000 JavaThread "Finalizer" daemon [_thread_blocked, id=14396, stack(0x00000000173f0000,0x00000000174f0000)]
  0x00000000026c7800 JavaThread "Reference Handler" daemon [_thread_blocked, id=1556, stack(0x0000000016ef0000,0x0000000016ff0000)]

Other Threads:
  0x00000000150d8000 VMThread [stack: 0x0000000016df0000,0x0000000016ef0000] [id=6252]
  0x00000000170e5800 WatcherThread [stack: 0x0000000017cf0000,0x0000000017df0000] [id=3808]

VM state:not at safepoint (normal execution)

VM Mutex/Monitor currently owned by a thread: None

Heap:
 PSYoungGen      total 315392K, used 144150K [0x00000000eb500000, 0x00000000fea80000, 0x0000000100000000)
  eden space 314880K, 45% used [0x00000000eb500000,0x00000000f41c5918,0x00000000fe880000)
  from space 512K, 0% used [0x00000000fea00000,0x00000000fea00000,0x00000000fea80000)
  to   space 1024K, 0% used [0x00000000fe880000,0x00000000fe880000,0x00000000fe980000)
 ParOldGen       total 83968K, used 19338K [0x00000000c1e00000, 0x00000000c7000000, 0x00000000eb500000)
  object space 83968K, 23% used [0x00000000c1e00000,0x00000000c30e2b10,0x00000000c7000000)
 Metaspace       used 20366K, capacity 20576K, committed 20736K, reserved 1067008K
  class space    used 2417K, capacity 2496K, committed 2560K, reserved 1048576K

Card table byte_map: [0x0000000011a90000,0x0000000011c90000] byte_map_base: 0x0000000011481000

Marking Bits: (ParMarkBitMap*) 0x0000000050fb2f70
 Begin Bits: [0x00000000125e0000, 0x0000000013568000)
 End Bits:   [0x0000000013568000, 0x00000000144f0000)

Polling page: 0x0000000000790000

CodeCache: size=245760Kb used=9195Kb max_used=10567Kb free=236565Kb
 bounds [0x00000000026d0000, 0x0000000003140000, 0x00000000116d0000]
 total_blobs=3491 nmethods=2855 adapters=546
 compilation: enabled

Compilation events (10 events):
Event: 14.907 Thread 0x0000000017025000 3441       3       java.awt.geom.Rectangle2D$Float::getX (6 bytes)
Event: 14.908 Thread 0x0000000017025000 nmethod 3441 0x0000000002d36f10 code [0x0000000002d37060, 0x0000000002d371b0]
Event: 14.979 Thread 0x0000000017025000 3443       3       java.lang.reflect.Field::getBoolean (51 bytes)
Event: 14.979 Thread 0x0000000017025000 nmethod 3443 0x00000000029f5610 code [0x00000000029f57e0, 0x00000000029f5e08]
Event: 14.979 Thread 0x0000000017025000 3444       3       sun.reflect.UnsafeBooleanFieldAccessorImpl::getBoolean (17 bytes)
Event: 14.980 Thread 0x0000000017025000 nmethod 3444 0x0000000002f9bf90 code [0x0000000002f9c160, 0x0000000002f9cbb8]
Event: 15.019 Thread 0x0000000017025000 3445       3       sun.awt.image.SunWritableRaster::<init> (20 bytes)
Event: 15.020 Thread 0x0000000017025000 nmethod 3445 0x0000000002a46290 code [0x0000000002a46420, 0x0000000002a46748]
Event: 15.020 Thread 0x0000000017025000 3446       3       java.awt.image.WritableRaster::<init> (12 bytes)
Event: 15.021 Thread 0x0000000017025000 nmethod 3446 0x0000000002d15f10 code [0x0000000002d16080, 0x0000000002d16208]

GC Heap History (10 events):
Event: 13.758 GC heap before
{Heap before GC invocations=58 (full 3):
 PSYoungGen      total 273920K, used 273696K [0x00000000eb500000, 0x00000000fd800000, 0x0000000100000000)
  eden space 273408K, 100% used [0x00000000eb500000,0x00000000fc000000,0x00000000fc000000)
  from space 512K, 56% used [0x00000000fd780000,0x00000000fd7c8000,0x00000000fd800000)
  to   space 1536K, 0% used [0x00000000fd500000,0x00000000fd500000,0x00000000fd680000)
 ParOldGen       total 71680K, used 30235K [0x00000000c1e00000, 0x00000000c6400000, 0x00000000eb500000)
  object space 71680K, 42% used [0x00000000c1e00000,0x00000000c3b86d70,0x00000000c6400000)
 Metaspace       used 20299K, capacity 20512K, committed 20736K, reserved 1067008K
  class space    used 2413K, capacity 2496K, committed 2560K, reserved 1048576K
Event: 13.760 GC heap after
Heap after GC invocations=58 (full 3):
 PSYoungGen      total 295424K, used 352K [0x00000000eb500000, 0x00000000fd800000, 0x0000000100000000)
  eden space 293888K, 0% used [0x00000000eb500000,0x00000000eb500000,0x00000000fd400000)
  from space 1536K, 22% used [0x00000000fd500000,0x00000000fd558000,0x00000000fd680000)
  to   space 1536K, 0% used [0x00000000fd680000,0x00000000fd680000,0x00000000fd800000)
 ParOldGen       total 71680K, used 38335K [0x00000000c1e00000, 0x00000000c6400000, 0x00000000eb500000)
  object space 71680K, 53% used [0x00000000c1e00000,0x00000000c436fda0,0x00000000c6400000)
 Metaspace       used 20299K, capacity 20512K, committed 20736K, reserved 1067008K
  class space    used 2413K, capacity 2496K, committed 2560K, reserved 1048576K
}
Event: 14.123 GC heap before
{Heap before GC invocations=59 (full 3):
 PSYoungGen      total 295424K, used 294240K [0x00000000eb500000, 0x00000000fd800000, 0x0000000100000000)
  eden space 293888K, 100% used [0x00000000eb500000,0x00000000fd400000,0x00000000fd400000)
  from space 1536K, 22% used [0x00000000fd500000,0x00000000fd558000,0x00000000fd680000)
  to   space 1536K, 0% used [0x00000000fd680000,0x00000000fd680000,0x00000000fd800000)
 ParOldGen       total 71680K, used 38335K [0x00000000c1e00000, 0x00000000c6400000, 0x00000000eb500000)
  object space 71680K, 53% used [0x00000000c1e00000,0x00000000c436fda0,0x00000000c6400000)
 Metaspace       used 20311K, capacity 20512K, committed 20736K, reserved 1067008K
  class space    used 2413K, capacity 2496K, committed 2560K, reserved 1048576K
Event: 14.125 GC heap after
Heap after GC invocations=59 (full 3):
 PSYoungGen      total 296448K, used 416K [0x00000000eb500000, 0x00000000feb00000, 0x0000000100000000)
  eden space 294912K, 0% used [0x00000000eb500000,0x00000000eb500000,0x00000000fd500000)
  from space 1536K, 27% used [0x00000000fd680000,0x00000000fd6e8000,0x00000000fd800000)
  to   space 1536K, 0% used [0x00000000fd500000,0x00000000fd500000,0x00000000fd680000)
 ParOldGen       total 71680K, used 46435K [0x00000000c1e00000, 0x00000000c6400000, 0x00000000eb500000)
  object space 71680K, 64% used [0x00000000c1e00000,0x00000000c4b58dd0,0x00000000c6400000)
 Metaspace       used 20311K, capacity 20512K, committed 20736K, reserved 1067008K
  class space    used 2413K, capacity 2496K, committed 2560K, reserved 1048576K
}
Event: 14.499 GC heap before
{Heap before GC invocations=60 (full 3):
 PSYoungGen      total 296448K, used 295328K [0x00000000eb500000, 0x00000000feb00000, 0x0000000100000000)
  eden space 294912K, 100% used [0x00000000eb500000,0x00000000fd500000,0x00000000fd500000)
  from space 1536K, 27% used [0x00000000fd680000,0x00000000fd6e8000,0x00000000fd800000)
  to   space 1536K, 0% used [0x00000000fd500000,0x00000000fd500000,0x00000000fd680000)
 ParOldGen       total 71680K, used 46435K [0x00000000c1e00000, 0x00000000c6400000, 0x00000000eb500000)
  object space 71680K, 64% used [0x00000000c1e00000,0x00000000c4b58e00,0x00000000c6400000)
 Metaspace       used 20317K, capacity 20512K, committed 20736K, reserved 1067008K
  class space    used 2413K, capacity 2496K, committed 2560K, reserved 1048576K
Event: 14.503 GC heap after
Heap after GC invocations=60 (full 3):
 PSYoungGen      total 296448K, used 416K [0x00000000eb500000, 0x00000000feb00000, 0x0000000100000000)
  eden space 294912K, 0% used [0x00000000eb500000,0x00000000eb500000,0x00000000fd500000)
  from space 1536K, 27% used [0x00000000fd500000,0x00000000fd568000,0x00000000fd680000)
  to   space 1024K, 0% used [0x00000000fea00000,0x00000000fea00000,0x00000000feb00000)
 ParOldGen       total 71680K, used 54543K [0x00000000c1e00000, 0x00000000c6400000, 0x00000000eb500000)
  object space 71680K, 76% used [0x00000000c1e00000,0x00000000c5343e30,0x00000000c6400000)
 Metaspace       used 20317K, capacity 20512K, committed 20736K, reserved 1067008K
  class space    used 2413K, capacity 2496K, committed 2560K, reserved 1048576K
}
Event: 14.867 GC heap before
{Heap before GC invocations=61 (full 3):
 PSYoungGen      total 296448K, used 295328K [0x00000000eb500000, 0x00000000feb00000, 0x0000000100000000)
  eden space 294912K, 100% used [0x00000000eb500000,0x00000000fd500000,0x00000000fd500000)
  from space 1536K, 27% used [0x00000000fd500000,0x00000000fd568000,0x00000000fd680000)
  to   space 1024K, 0% used [0x00000000fea00000,0x00000000fea00000,0x00000000feb00000)
 ParOldGen       total 71680K, used 54546K [0x00000000c1e00000, 0x00000000c6400000, 0x00000000eb500000)
  object space 71680K, 76% used [0x00000000c1e00000,0x00000000c5344ac8,0x00000000c6400000)
 Metaspace       used 20318K, capacity 20512K, committed 20736K, reserved 1067008K
  class space    used 2413K, capacity 2496K, committed 2560K, reserved 1048576K
Event: 14.870 GC heap after
Heap after GC invocations=61 (full 3):
 PSYoungGen      total 315392K, used 416K [0x00000000eb500000, 0x00000000fea80000, 0x0000000100000000)
  eden space 314880K, 0% used [0x00000000eb500000,0x00000000eb500000,0x00000000fe880000)
  from space 512K, 81% used [0x00000000fea00000,0x00000000fea68000,0x00000000fea80000)
  to   space 1024K, 0% used [0x00000000fe880000,0x00000000fe880000,0x00000000fe980000)
 ParOldGen       total 71680K, used 62654K [0x00000000c1e00000, 0x00000000c6400000, 0x00000000eb500000)
  object space 71680K, 87% used [0x00000000c1e00000,0x00000000c5b2faf8,0x00000000c6400000)
 Metaspace       used 20318K, capacity 20512K, committed 20736K, reserved 1067008K
  class space    used 2413K, capacity 2496K, committed 2560K, reserved 1048576K
}
Event: 14.870 GC heap before
{Heap before GC invocations=62 (full 4):
 PSYoungGen      total 315392K, used 416K [0x00000000eb500000, 0x00000000fea80000, 0x0000000100000000)
  eden space 314880K, 0% used [0x00000000eb500000,0x00000000eb500000,0x00000000fe880000)
  from space 512K, 81% used [0x00000000fea00000,0x00000000fea68000,0x00000000fea80000)
  to   space 1024K, 0% used [0x00000000fe880000,0x00000000fe880000,0x00000000fe980000)
 ParOldGen       total 71680K, used 62654K [0x00000000c1e00000, 0x00000000c6400000, 0x00000000eb500000)
  object space 71680K, 87% used [0x00000000c1e00000,0x00000000c5b2faf8,0x00000000c6400000)
 Metaspace       used 20318K, capacity 20512K, committed 20736K, reserved 1067008K
  class space    used 2413K, capacity 2496K, committed 2560K, reserved 1048576K
Event: 14.886 GC heap after
Heap after GC invocations=62 (full 4):
 PSYoungGen      total 315392K, used 0K [0x00000000eb500000, 0x00000000fea80000, 0x0000000100000000)
  eden space 314880K, 0% used [0x00000000eb500000,0x00000000eb500000,0x00000000fe880000)
  from space 512K, 0% used [0x00000000fea00000,0x00000000fea00000,0x00000000fea80000)
  to   space 1024K, 0% used [0x00000000fe880000,0x00000000fe880000,0x00000000fe980000)
 ParOldGen       total 83968K, used 19338K [0x00000000c1e00000, 0x00000000c7000000, 0x00000000eb500000)
  object space 83968K, 23% used [0x00000000c1e00000,0x00000000c30e2b10,0x00000000c7000000)
 Metaspace       used 20318K, capacity 20512K, committed 20736K, reserved 1067008K
  class space    used 2413K, capacity 2496K, committed 2560K, reserved 1048576K
}

Deoptimization events (10 events):
Event: 11.524 Thread 0x00000000180e6800 Uncommon trap: reason=unstable_if action=reinterpret pc=0x0000000002ea5324 method=java.awt.event.InvocationEvent.dispatch()V @ 4
Event: 11.526 Thread 0x00000000180e6800 Uncommon trap: reason=unstable_if action=reinterpret pc=0x0000000002e7f70c method=java.security.AccessControlContext.optimize()Ljava/security/AccessControlContext; @ 233
Event: 11.536 Thread 0x00000000180e6800 Uncommon trap: reason=unstable_if action=reinterpret pc=0x0000000002df547c method=java.security.AccessControlContext.optimize()Ljava/security/AccessControlContext; @ 233
Event: 11.536 Thread 0x00000000180e6800 Uncommon trap: reason=unstable_if action=reinterpret pc=0x0000000002dce8bc method=java.security.AccessControlContext.optimize()Ljava/security/AccessControlContext; @ 233
Event: 11.539 Thread 0x00000000180e6800 Uncommon trap: reason=unstable_if action=reinterpret pc=0x0000000002e09a28 method=java.awt.event.InvocationEvent.finishedDispatching(Z)V @ 9
Event: 11.599 Thread 0x00000000180e6800 Uncommon trap: reason=class_check action=maybe_recompile pc=0x000000000291c700 method=java.awt.event.InvocationEvent.dispatch()V @ 11
Event: 11.606 Thread 0x00000000180e6800 Uncommon trap: reason=class_check action=maybe_recompile pc=0x00000000030727a0 method=java.awt.EventQueue.coalesceEvent(Ljava/awt/AWTEvent;I)Z @ 61
Event: 11.606 Thread 0x00000000180e6800 Uncommon trap: reason=class_check action=maybe_recompile pc=0x0000000002f9f720 method=java.awt.EventQueue.cacheEQItem(Lsun/awt/EventQueueItem;)V @ 20
Event: 11.606 Thread 0x00000000180e6800 Uncommon trap: reason=class_check action=maybe_recompile pc=0x00000000030727a0 method=java.awt.EventQueue.coalesceEvent(Ljava/awt/AWTEvent;I)Z @ 61
Event: 11.606 Thread 0x00000000180e6800 Uncommon trap: reason=class_check action=maybe_recompile pc=0x00000000030527c8 method=java.awt.EventQueue.coalesceEvent(Ljava/awt/AWTEvent;I)Z @ 61

Internal exceptions (10 events):
Event: 0.205 Thread 0x0000000000c3e000 Exception <a 'java/lang/ClassNotFoundException': TreeCell> (0x00000000eb8bb390) thrown at [C:\re\workspace\8-2-build-windows-amd64-cygwin\jdk8u91\6644\hotspot\src\share\vm\classfile\systemDictionary.cpp, line 210]
Event: 0.205 Thread 0x0000000000c3e000 Exception <a 'java/lang/ClassNotFoundException': RootPane> (0x00000000eb8bbdf0) thrown at [C:\re\workspace\8-2-build-windows-amd64-cygwin\jdk8u91\6644\hotspot\src\share\vm\classfile\systemDictionary.cpp, line 210]
Event: 0.611 Thread 0x00000000180e6800 Implicit null exception at 0x0000000002a33105 to 0x0000000002a33155
Event: 0.970 Thread 0x00000000180e6800 Implicit null exception at 0x0000000002a3b8d4 to 0x0000000002a3b931
Event: 0.975 Thread 0x00000000180e6800 Implicit null exception at 0x0000000002bad82b to 0x0000000002bae8ed
Event: 1.054 Thread 0x0000000018313800 Exception <a 'java/lang/InterruptedException': sleep interrupted> (0x00000000ecf82fe0) thrown at [C:\re\workspace\8-2-build-windows-amd64-cygwin\jdk8u91\6644\hotspot\src\share\vm\prims\jvm.cpp, line 3167]
Event: 5.629 Thread 0x00000000180e6800 Implicit null exception at 0x0000000002f2d1f9 to 0x0000000002f2d574
Event: 5.640 Thread 0x0000000018313800 Exception <a 'java/lang/InterruptedException': sleep interrupted> (0x00000000f6d2edb8) thrown at [C:\re\workspace\8-2-build-windows-amd64-cygwin\jdk8u91\6644\hotspot\src\share\vm\prims\jvm.cpp, line 3167]
Event: 5.677 Thread 0x00000000180e6800 Implicit null exception at 0x0000000002fc5970 to 0x0000000002fc5b95
Event: 10.063 Thread 0x00000000170d9800 Implicit null exception at 0x0000000002ab3557 to 0x0000000002ab3e11

Events (10 events):
Event: 14.979 loading class com/googlecode/javacv/OpenCVFrameGrabber done
Event: 14.979 loading class com/googlecode/javacv/FrameGrabber
Event: 14.979 loading class com/googlecode/javacv/FrameGrabber done
Event: 14.980 Thread 0x0000000017025000 flushing nmethod 0x0000000003092290
Event: 14.980 loading class java/util/concurrent/Callable
Event: 14.980 loading class java/util/concurrent/Callable done
Event: 14.981 loading class com/googlecode/javacv/FrameGrabber$ImageMode
Event: 14.981 loading class com/googlecode/javacv/FrameGrabber$ImageMode done
Event: 14.981 loading class java/util/concurrent/Executors$DefaultThreadFactory
Event: 14.981 loading class java/util/concurrent/Executors$DefaultThreadFactory done


Dynamic libraries:
0x00007ff66abe0000 - 0x00007ff66ac17000 	C:\Program Files\Java\jdk1.8.0_91\bin\java.exe
0x00007ff98b3a0000 - 0x00007ff98b590000 	C:\Windows\SYSTEM32\ntdll.dll
0x00007ff989610000 - 0x00007ff9896c2000 	C:\Windows\System32\KERNEL32.DLL
0x00007ff989060000 - 0x00007ff989305000 	C:\Windows\System32\KERNELBASE.dll
0x00007ff98a620000 - 0x00007ff98a6c3000 	C:\Windows\System32\ADVAPI32.dll
0x00007ff98a6d0000 - 0x00007ff98a76e000 	C:\Windows\System32\msvcrt.dll
0x00007ff98a7e0000 - 0x00007ff98a877000 	C:\Windows\System32\sechost.dll
0x00007ff98a910000 - 0x00007ff98aa30000 	C:\Windows\System32\RPCRT4.dll
0x00007ff98b0e0000 - 0x00007ff98b274000 	C:\Windows\System32\USER32.dll
0x00007ff989030000 - 0x00007ff989051000 	C:\Windows\System32\win32u.dll
0x00007ff98aae0000 - 0x00007ff98ab06000 	C:\Windows\System32\GDI32.dll
0x00007ff988ce0000 - 0x00007ff988e76000 	C:\Windows\System32\gdi32full.dll
0x00007ff989310000 - 0x00007ff9893ae000 	C:\Windows\System32\msvcp_win.dll
0x00007ff988f30000 - 0x00007ff98902a000 	C:\Windows\System32\ucrtbase.dll
0x00007ff973b70000 - 0x00007ff973df4000 	C:\Windows\WinSxS\amd64_microsoft.windows.common-controls_6595b64144ccf1df_6.0.18362.1139_none_9e7bf2d3e4605ac6\COMCTL32.dll
0x00007ff98ac40000 - 0x00007ff98af75000 	C:\Windows\System32\combase.dll
0x00007ff9893b0000 - 0x00007ff989430000 	C:\Windows\System32\bcryptPrimitives.dll
0x00007ff98a8e0000 - 0x00007ff98a90e000 	C:\Windows\System32\IMM32.DLL
0x0000000051c90000 - 0x0000000051d62000 	C:\Program Files\Java\jdk1.8.0_91\jre\bin\msvcr100.dll
0x00000000507a0000 - 0x0000000051033000 	C:\Program Files\Java\jdk1.8.0_91\jre\bin\server\jvm.dll
0x00007ff98ac30000 - 0x00007ff98ac38000 	C:\Windows\System32\PSAPI.DLL
0x00007ff981250000 - 0x00007ff981259000 	C:\Windows\SYSTEM32\WSOCK32.dll
0x00007ff9817a0000 - 0x00007ff9817c4000 	C:\Windows\SYSTEM32\WINMM.dll
0x00007ff986d50000 - 0x00007ff986d5a000 	C:\Windows\SYSTEM32\VERSION.dll
0x00007ff98abc0000 - 0x00007ff98ac2f000 	C:\Windows\System32\WS2_32.dll
0x00007ff981770000 - 0x00007ff98179d000 	C:\Windows\SYSTEM32\WINMMBASE.dll
0x00007ff988e80000 - 0x00007ff988eca000 	C:\Windows\System32\cfgmgr32.dll
0x0000000053100000 - 0x000000005310f000 	C:\Program Files\Java\jdk1.8.0_91\jre\bin\verify.dll
0x0000000051c60000 - 0x0000000051c89000 	C:\Program Files\Java\jdk1.8.0_91\jre\bin\java.dll
0x00000000530e0000 - 0x00000000530f6000 	C:\Program Files\Java\jdk1.8.0_91\jre\bin\zip.dll
0x00007ff989890000 - 0x00007ff989f77000 	C:\Windows\System32\SHELL32.dll
0x00007ff98ab10000 - 0x00007ff98abb9000 	C:\Windows\System32\shcore.dll
0x00007ff9884b0000 - 0x00007ff988c30000 	C:\Windows\System32\windows.storage.dll
0x00007ff9882c0000 - 0x00007ff9882e3000 	C:\Windows\System32\profapi.dll
0x00007ff988270000 - 0x00007ff9882ba000 	C:\Windows\System32\powrprof.dll
0x00007ff988260000 - 0x00007ff988270000 	C:\Windows\System32\UMPDC.dll
0x00007ff98a780000 - 0x00007ff98a7d2000 	C:\Windows\System32\shlwapi.dll
0x00007ff9882f0000 - 0x00007ff988301000 	C:\Windows\System32\kernel.appcore.dll
0x00007ff989430000 - 0x00007ff989447000 	C:\Windows\System32\cryptsp.dll
0x0000000050600000 - 0x0000000050798000 	C:\Program Files\Java\jdk1.8.0_91\jre\bin\awt.dll
0x00007ff98b290000 - 0x00007ff98b355000 	C:\Windows\System32\OLEAUT32.dll
0x00007ff986230000 - 0x00007ff9862bf000 	C:\Windows\SYSTEM32\apphelp.dll
0x00007ff986850000 - 0x00007ff9868e9000 	C:\Windows\system32\uxtheme.dll
0x00007ff989750000 - 0x00007ff989885000 	C:\Windows\System32\MSCTF.dll
0x00007ff98af80000 - 0x00007ff98b0d7000 	C:\Windows\System32\ole32.dll
0x00007ff986920000 - 0x00007ff98694d000 	C:\Windows\system32\DWMAPI.DLL
0x0000000051bd0000 - 0x0000000051c17000 	C:\Program Files\Java\jdk1.8.0_91\jre\bin\fontmanager.dll
0x0000000051c40000 - 0x0000000051c5a000 	C:\Program Files\Java\jdk1.8.0_91\jre\bin\net.dll
0x00007ff987a50000 - 0x00007ff987ab7000 	C:\Windows\system32\mswsock.dll
0x0000000051c20000 - 0x0000000051c31000 	C:\Program Files\Java\jdk1.8.0_91\jre\bin\nio.dll
0x0000000051b80000 - 0x0000000051bc2000 	C:\Program Files\Java\jdk1.8.0_91\jre\bin\t2k.dll
0x00007ff98aa30000 - 0x00007ff98aad2000 	C:\Windows\System32\clbcatq.dll
0x00007ff97e4d0000 - 0x00007ff97e67f000 	C:\Windows\SYSTEM32\WindowsCodecs.dll
0x00007ff971c10000 - 0x00007ff971c4a000 	C:\Windows\system32\dataexchange.dll
0x00007ff985ad0000 - 0x00007ff985cad000 	C:\Windows\system32\dcomp.dll
0x00007ff984c90000 - 0x00007ff984eeb000 	C:\Windows\system32\d3d11.dll
0x00007ff9870d0000 - 0x00007ff9871bb000 	C:\Windows\system32\dxgi.dll
0x00007ff9870b0000 - 0x00007ff9870d0000 	C:\Windows\SYSTEM32\dxcore.dll
0x00007ff9863f0000 - 0x00007ff986652000 	C:\Windows\system32\twinapi.appcore.dll
0x00007ff986a00000 - 0x00007ff986a29000 	C:\Windows\system32\RMCLIENT.dll
0x00007ff9877a0000 - 0x00007ff98786b000 	C:\Windows\SYSTEM32\DNSAPI.dll
0x00007ff98b280000 - 0x00007ff98b288000 	C:\Windows\System32\NSI.dll
0x00007ff987760000 - 0x00007ff98779a000 	C:\Windows\SYSTEM32\IPHLPAPI.DLL
0x00007ff9740e0000 - 0x00007ff9740ea000 	C:\Windows\System32\rasadhlp.dll
0x00007ff980cc0000 - 0x00007ff980d37000 	C:\Windows\System32\fwpuclnt.dll
0x00007ff988330000 - 0x00007ff988356000 	C:\Windows\System32\bcrypt.dll
0x00007ff97dfc0000 - 0x00007ff97e05e000 	C:\Windows\System32\TextInputFramework.dll
0x00007ff986020000 - 0x00007ff9860f4000 	C:\Windows\System32\CoreMessaging.dll
0x00007ff97f9e0000 - 0x00007ff97fd0a000 	C:\Windows\System32\CoreUIComponents.dll
0x00007ff9872a0000 - 0x00007ff9872d1000 	C:\Windows\SYSTEM32\ntmarta.dll
0x00007ff984110000 - 0x00007ff984263000 	C:\Windows\SYSTEM32\wintypes.dll
0x00000000505c0000 - 0x00000000505ea000 	C:\Program Files\Java\jdk1.8.0_91\jre\bin\dcpr.dll
0x00007ff97d110000 - 0x00007ff97d3b7000 	C:\Windows\System32\iertutil.dll
0x0000000050040000 - 0x0000000050111000 	C:\Users\Sujan\AppData\Local\Temp\javacpp937471345721300\msvcr100.dll
0x0000000077f60000 - 0x0000000077ff8000 	C:\Users\Sujan\AppData\Local\Temp\javacpp937471345721300\msvcp100.dll
0x0000000066840000 - 0x00000000675ca000 	C:\Users\Sujan\AppData\Local\Temp\javacpp937471345721300\opencv_ffmpeg246_64.dll
0x00007ff94fe40000 - 0x00007ff9500af000 	C:\Users\Sujan\AppData\Local\Temp\javacpp937471345721300\opencv_core246.dll
0x00007ff94eaf0000 - 0x00007ff94eda3000 	C:\Users\Sujan\AppData\Local\Temp\javacpp937471345721300\opencv_imgproc246.dll
0x00007ff94dbe0000 - 0x00007ff94de30000 	C:\Users\Sujan\AppData\Local\Temp\javacpp937471345721300\opencv_highgui246.dll
0x00007ff967f60000 - 0x00007ff967f89000 	C:\Windows\SYSTEM32\MSVFW32.dll
0x00007ff969170000 - 0x00007ff969190000 	C:\Windows\SYSTEM32\AVIFIL32.dll
0x00007ff968e30000 - 0x00007ff968e48000 	C:\Windows\SYSTEM32\AVICAP32.dll
0x00007ff97dbd0000 - 0x00007ff97dbec000 	C:\Windows\SYSTEM32\MSACM32.dll
0x00007ff967f20000 - 0x00007ff967f33000 	C:\Users\Sujan\AppData\Local\Temp\javacpp937471345721300\jniopencv_highgui.dll
0x00007ff967cc0000 - 0x00007ff967cd8000 	C:\Windows\System32\devenum.dll
0x00007ff98a1b0000 - 0x00007ff98a620000 	C:\Windows\System32\setupapi.dll
0x00007ff987ff0000 - 0x00007ff98801a000 	C:\Windows\SYSTEM32\DEVOBJ.dll
0x00007ff988ed0000 - 0x00007ff988f2c000 	C:\Windows\System32\WINTRUST.dll
0x00007ff988310000 - 0x00007ff988322000 	C:\Windows\System32\MSASN1.dll
0x00007ff988360000 - 0x00007ff9884a9000 	C:\Windows\System32\CRYPT32.dll
0x00007ff96b400000 - 0x00007ff96b40b000 	C:\Windows\SYSTEM32\msdmo.dll
0x00007ff961770000 - 0x00007ff9617a4000 	C:\Windows\System32\qcap.dll
0x00007ff95b080000 - 0x00007ff95b244000 	C:\Windows\System32\quartz.dll
0x00007ff95b8e0000 - 0x00007ff95b92c000 	C:\Windows\System32\mfksproxy.dll
0x00007ff985a00000 - 0x00007ff985a1c000 	C:\Windows\System32\ATL.DLL
0x00007ff95ac80000 - 0x00007ff95ae7a000 	C:\Windows\System32\MFPlat.DLL
0x00007ff965280000 - 0x00007ff9652af000 	C:\Windows\System32\RTWorkQ.DLL
0x00007ff95b880000 - 0x00007ff95b8dc000 	C:\Windows\System32\MFSENSORGROUP.dll
0x00007ff95b830000 - 0x00007ff95b87d000 	C:\Windows\System32\ksproxy.ax
0x00007ff985a70000 - 0x00007ff985a79000 	C:\Windows\System32\ksuser.dll
0x00007ff97fed0000 - 0x00007ff980097000 	C:\Windows\System32\d3d9.dll
0x00007ff982210000 - 0x00007ff982298000 	C:\Windows\SYSTEM32\policymanager.dll
0x00007ff981e90000 - 0x00007ff981f1a000 	C:\Windows\System32\msvcp110_win.dll
0x00007ff96ac60000 - 0x00007ff96ac6d000 	C:\Windows\System32\vidcap.ax
0x00007ff965dd0000 - 0x00007ff965df6000 	C:\Windows\System32\kswdmcap.ax
0x00007ff954c90000 - 0x00007ff954df2000 	C:\Windows\System32\MFC42.dll
0x00007ff95b660000 - 0x00007ff95b701000 	C:\Windows\System32\qedit.dll
0x00007ff989540000 - 0x00007ff989610000 	C:\Windows\System32\COMDLG32.dll
0x00007ff982ab0000 - 0x00007ff982c53000 	C:\Windows\WinSxS\amd64_microsoft.windows.gdiplus_6595b64144ccf1df_1.1.18362.1139_none_cf66e5b93ef2d494\gdiplus.dll
0x00007ff972f60000 - 0x00007ff973057000 	C:\Windows\System32\DDRAW.dll
0x00007ff9859f0000 - 0x00007ff9859f8000 	C:\Windows\System32\DCIMAN32.dll
0x00007ff94d700000 - 0x00007ff94dbd1000 	C:\Program Files (x86)\K-Lite Codec Pack\Filters\ffdshow64\ffdshow.ax
0x00007ff965110000 - 0x00007ff96513e000 	C:\Windows\SYSTEM32\DINPUT.dll
0x00007ff988170000 - 0x00007ff9881a7000 	C:\Windows\SYSTEM32\SspiCli.dll
0x00007ff97de20000 - 0x00007ff97df3b000 	C:\Windows\SYSTEM32\inputhost.dll
0x00007ff9845e0000 - 0x00007ff9846d0000 	C:\Windows\SYSTEM32\PROPSYS.dll
0x00007ff94cf40000 - 0x00007ff94d158000 	C:\Program Files (x86)\K-Lite Codec Pack\Filters\vsfilter64.dll
0x00007ff96c1f0000 - 0x00007ff96c279000 	C:\Windows\SYSTEM32\WINSPOOL.DRV
0x00007ff96c7d0000 - 0x00007ff96cca5000 	C:\Windows\SYSTEM32\WININET.dll
0x00007ff9821b0000 - 0x00007ff9821f0000 	C:\Windows\System32\CapabilityAccessManagerClient.dll
0x00007ff95b5c0000 - 0x00007ff95b65a000 	C:\Users\Sujan\AppData\Local\Temp\javacpp937471345721300\jniopencv_core.dll
0x00007ff96e0f0000 - 0x00007ff96e2e4000 	C:\Windows\SYSTEM32\dbghelp.dll

VM Arguments:
jvm_args: -Dfile.encoding=UTF-8 
java_command: hotel_management_system.loginform
java_class_path (initial): C:\Program Files\NetBeans 8.1\java\modules\ext\AbsoluteLayout.jar;C:\Users\Sujan\Desktop\myWorks\Hotel_Management_System\src\hotel_management_system\Library_files\itextpdf-5.5.9.jar;C:\Users\Sujan\Desktop\myWorks\Hotel_Management_System\src\hotel_management_system\Library_files\DateChooser.jar;C:\Users\Sujan\Desktop\myWorks\Hotel_Management_System\src\hotel_management_system\Library_files\mysql-connector-java-5.1.48.jar;C:\Program Files\NetBeans 8.1\ide\modules\ext\mysql-connector-java-5.1.23-bin.jar;C:\Users\Sujan\Desktop\myWorks\Hotel_Management_System\src\hotel_management_system\Library_files\mysql-connector-java-5.1.48-bin.jar;C:\Program Files\NetBeans 8.1\java\modules\ext\beansbinding-1.2.1.jar;C:\javacv-bin\javacpp.jar;C:\javacv-bin\javacv-windows-x86.jar;C:\javacv-bin\javacv-windows-x86_64.jar;C:\javacv-bin\javacv.jar;C:\javacv-cppjars\ffmpeg-20130915-git-7ac6c63-windows-x86.jar;C:\javacv-cppjars\ffmpeg-20130915-git-7ac6c63-windows-x86_64.jar;C:\javacv-cppjars\opencv-2.4.6.0-windows-x86.jar;C:\javacv-cppjars\opencv-2.4.6.0-windows-x86_64.jar;C:\Users\Sujan\Desktop\myWorks\Hotel_Management_System\src;C:\Users\Sujan\Desktop\myWorks\Hotel_Management_System\build\classes
Launcher Type: SUN_STANDARD

Environment Variables:
CLASSPATH=.;.;.;C:\PROGRA~2\JMF21~1.1E\lib\sound.jar;C:\PROGRA~2\JMF21~1.1E\lib\jmf.jar;C:\PROGRA~2\JMF21~1.1E\lib;
PATH=C:\opencv\build\x86\vc14\bin;C:\opencv\build\x64\vc14\bin;C:\Windows\system32;C:\Windows;C:\Windows\System32\Wbem;C:\Windows\System32\WindowsPowerShell\v1.0\;C:\Windows\System32\OpenSSH\;C:\Program Files (x86)\Microsoft SQL Server\100\Tools\Binn\;C:\Program Files\Microsoft SQL Server\100\Tools\Binn\;C:\Program Files\Microsoft SQL Server\100\DTS\Binn\;C:\Program Files (x86)\Brackets\command;C:\Program Files (x86)\GtkSharp\2.12\bin;C:\Users\Sujan\AppData\Local\Microsoft\WindowsApps;C:\Users\Sujan\AppData\Local\GitHubDesktop\bin
USERNAME=Sujan
OS=Windows_NT
PROCESSOR_IDENTIFIER=Intel64 Family 6 Model 142 Stepping 10, GenuineIntel



---------------  S Y S T E M  ---------------

OS: Windows 10.0 , 64 bit Build 18362 (10.0.18362.1110)

CPU:total 8 (4 cores per cpu, 2 threads per core) family 6 model 142 stepping 10, cmov, cx8, fxsr, mmx, sse, sse2, sse3, ssse3, sse4.1, sse4.2, popcnt, avx, avx2, aes, clmul, erms, 3dnowpref, lzcnt, ht, tsc, tscinvbit, bmi1, bmi2, adx

Memory: 4k page, physical 4068580k(614864k free), swap 9835748k(1406280k free)

vm_info: Java HotSpot(TM) 64-Bit Server VM (25.91-b14) for windows-amd64 JRE (1.8.0_91-b14), built on Apr  1 2016 00:58:32 by "java_re" with MS VC++ 10.0 (VS2010)

time: Tue Nov 10 22:08:03 2020
elapsed time: 15 seconds (0d 0h 0m 15s)

