#
# A fatal error has been detected by the Java Runtime Environment:
#
#  EXCEPTION_ACCESS_VIOLATION (0xc0000005) at pc=0x00007ffe153672a6, pid=8312, tid=11412
#
# JRE version: Java(TM) SE Runtime Environment (8.0_91-b14) (build 1.8.0_91-b14)
# Java VM: Java HotSpot(TM) 64-Bit Server VM (25.91-b14 mixed mode windows-amd64 compressed oops)
# Problematic frame:
# C  [ntdll.dll+0x72a6]
#
# Failed to write core dump. Minidumps are not enabled by default on client versions of Windows
#
# If you would like to submit a bug report, please visit:
#   http://bugreport.java.com/bugreport/crash.jsp
# The crash happened outside the Java Virtual Machine in native code.
# See problematic frame for where to report the bug.
#

---------------  T H R E A D  ---------------

Current thread (0x000000001aba1800):  JavaThread "Thread-2" [_thread_in_native, id=11412, stack(0x000000001fcc0000,0x000000001fdc0000)]

siginfo: ExceptionCode=0xc0000005, writing address 0x0000000000000024

Registers:
RAX=0x0000000000000000, RBX=0x000000001aa663f8, RCX=0x000000001aa663f8, RDX=0x00000000fffffffa
RSP=0x000000001fdbee10, RBP=0x00007ffdda4a0600, RSI=0x0000000000000000, RDI=0x0000000000000000
R8 =0x0000000000000000, R9 =0x000000001aa66400, R10=0x0000000000000000, R11=0x0000000000000246
R12=0x0000000000000000, R13=0x0000000000faf000, R14=0x0000000000000001, R15=0x0000000000000000
RIP=0x00007ffe153672a6, EFLAGS=0x0000000000010213

Top of Stack: (sp=0x000000001fdbee10)
0x000000001fdbee10:   ffffffffffffffff 000000001aa663f8
0x000000001fdbee20:   00000000c25b2ca0 00000000c25b2cd8
0x000000001fdbee30:   0000000000000000 000000001fdbee38
0x000000001fdbee40:   000000001fdbeee8 000000000349b944
0x000000001fdbee50:   0000000000000000 00000000fffffffa
0x000000001fdbee60:   0000000000faf000 0000000000000000
0x000000001fdbee70:   0000000000000000 00000000000001d6
0x000000001fdbee80:   000000001fdbeee8 000000000315835d
0x000000001fdbee90:   0000000000000000 000000000315835d
0x000000001fdbeea0:   0000ec3edb0441b4 000000001fdbeea8
0x000000001fdbeeb0:   000000001aba1800 0000000000000001
0x000000001fdbeec0:   0000000000000001 0000000000000001
0x000000001fdbeed0:   0000000000000000 000000001aa663f8
0x000000001fdbeee0:   00007ffdda4a0600 00007ffe1537b576
0x000000001fdbeef0:   000000000315835d 0000000000000000
0x000000001fdbef00:   00000000fffffffa ffffffffff676980 

Instructions: (pc=0x00007ffe153672a6)
0x00007ffe15367286:   48 39 73 18 0f 84 d1 00 00 00 48 8b 03 48 83 f8
0x00007ffe15367296:   ff 0f 84 d1 00 00 00 44 8b fe 48 83 f8 ff 74 03
0x00007ffe153672a6:   ff 40 24 4c 8b 73 18 4c 8d 2d 44 82 15 00 bd 22
0x00007ffe153672b6:   17 00 00 e8 c2 94 03 00 85 c0 0f 85 de 11 0a 00 


Register to memory mapping:

RAX=0x0000000000000000 is an unknown value
RBX=0x000000001aa663f8 is an unknown value
RCX=0x000000001aa663f8 is an unknown value
RDX=0x00000000fffffffa is an unknown value
RSP=0x000000001fdbee10 is pointing into the stack for thread: 0x000000001aba1800
RBP=0x00007ffdda4a0600 is an unknown value
RSI=0x0000000000000000 is an unknown value
RDI=0x0000000000000000 is an unknown value
R8 =0x0000000000000000 is an unknown value
R9 =0x000000001aa66400 is an unknown value
R10=0x0000000000000000 is an unknown value
R11=0x0000000000000246 is an unknown value
R12=0x0000000000000000 is an unknown value
R13=0x0000000000faf000 is an unknown value
R14=0x0000000000000001 is an unknown value
R15=0x0000000000000000 is an unknown value


Stack: [0x000000001fcc0000,0x000000001fdc0000],  sp=0x000000001fdbee10,  free space=1019k
Native frames: (J=compiled Java code, j=interpreted, Vv=VM code, C=native code)
C  [ntdll.dll+0x72a6]
C  [ntdll.dll+0x1b576]
C  [ntdll.dll+0x1b3c0]
C  [opencv_highgui246.dll+0x200d3]
C  [opencv_highgui246.dll+0x210b6]
C  [opencv_highgui246.dll+0x10b2]
C  [jniopencv_highgui.dll+0x75d9]
C  0x0000000003167f54

Java frames: (J=compiled Java code, j=interpreted, Vv=VM code)
j  com.googlecode.javacv.cpp.opencv_highgui.cvQueryFrame(Lcom/googlecode/javacv/cpp/opencv_highgui$CvCapture;)Lcom/googlecode/javacv/cpp/opencv_core$IplImage;+0
j  hotel_management_system.Camera$1.run()V+136
v  ~StubRoutines::call_stub

---------------  P R O C E S S  ---------------

Java Threads: ( => current thread )
=>0x000000001aba1800 JavaThread "Thread-2" [_thread_in_native, id=11412, stack(0x000000001fcc0000,0x000000001fdc0000)]
  0x000000001ab9d000 JavaThread "Image Fetcher 0" daemon [_thread_blocked, id=5128, stack(0x000000001fbc0000,0x000000001fcc0000)]
  0x000000001ad45800 JavaThread "mysql-cj-abandoned-connection-cleanup" daemon [_thread_blocked, id=8508, stack(0x000000001cc20000,0x000000001cd20000)]
  0x0000000018cd3000 JavaThread "TimerQueue" daemon [_thread_in_Java, id=8828, stack(0x0000000019f40000,0x000000001a040000)]
  0x000000000313e000 JavaThread "DestroyJavaVM" [_thread_blocked, id=9868, stack(0x00000000016c0000,0x00000000017c0000)]
  0x0000000018ac5000 JavaThread "AWT-EventQueue-0" [_thread_in_Java, id=5444, stack(0x0000000019a40000,0x0000000019b40000)]
  0x0000000018a6c000 JavaThread "AWT-Windows" daemon [_thread_in_native, id=11324, stack(0x0000000019370000,0x0000000019470000)]
  0x0000000018a69800 JavaThread "AWT-Shutdown" [_thread_blocked, id=3768, stack(0x0000000019270000,0x0000000019370000)]
  0x0000000018a69000 JavaThread "Java2D Disposer" daemon [_thread_blocked, id=5332, stack(0x0000000019170000,0x0000000019270000)]
  0x0000000017a71800 JavaThread "Service Thread" daemon [_thread_blocked, id=4696, stack(0x0000000018630000,0x0000000018730000)]
  0x0000000017a66000 JavaThread "C1 CompilerThread3" daemon [_thread_blocked, id=8664, stack(0x0000000018530000,0x0000000018630000)]
  0x0000000017a5f000 JavaThread "C2 CompilerThread2" daemon [_thread_blocked, id=9324, stack(0x0000000018430000,0x0000000018530000)]
  0x0000000017a5c000 JavaThread "C2 CompilerThread1" daemon [_thread_blocked, id=8320, stack(0x0000000018330000,0x0000000018430000)]
  0x0000000017a58800 JavaThread "C2 CompilerThread0" daemon [_thread_blocked, id=1204, stack(0x0000000018230000,0x0000000018330000)]
  0x0000000017a57000 JavaThread "Attach Listener" daemon [_thread_blocked, id=13180, stack(0x0000000018130000,0x0000000018230000)]
  0x0000000017a56000 JavaThread "Signal Dispatcher" daemon [_thread_blocked, id=6924, stack(0x0000000018030000,0x0000000018130000)]
  0x000000000307e000 JavaThread "Finalizer" daemon [_thread_blocked, id=6148, stack(0x0000000017e30000,0x0000000017f30000)]
  0x0000000003077000 JavaThread "Reference Handler" daemon [_thread_blocked, id=9092, stack(0x0000000017930000,0x0000000017a30000)]

Other Threads:
  0x0000000015b59000 VMThread [stack: 0x0000000017830000,0x0000000017930000] [id=8796]
  0x0000000017b2c000 WatcherThread [stack: 0x0000000018730000,0x0000000018830000] [id=8296]

VM state:not at safepoint (normal execution)

VM Mutex/Monitor currently owned by a thread: None

Heap:
 PSYoungGen      total 309760K, used 119137K [0x00000000eb500000, 0x0000000100000000, 0x0000000100000000)
  eden space 292864K, 34% used [0x00000000eb500000,0x00000000f18e5d28,0x00000000fd300000)
  from space 16896K, 99% used [0x00000000fd300000,0x00000000fe3729d0,0x00000000fe380000)
  to   space 23552K, 0% used [0x00000000fe900000,0x00000000fe900000,0x0000000100000000)
 ParOldGen       total 72704K, used 39243K [0x00000000c1e00000, 0x00000000c6500000, 0x00000000eb500000)
  object space 72704K, 53% used [0x00000000c1e00000,0x00000000c4452c58,0x00000000c6500000)
 Metaspace       used 22681K, capacity 22894K, committed 23344K, reserved 1069056K
  class space    used 2766K, capacity 2863K, committed 2944K, reserved 1048576K

Card table byte_map: [0x0000000012510000,0x0000000012710000] byte_map_base: 0x0000000011f01000

Marking Bits: (ParMarkBitMap*) 0x000000005fd52f70
 Begin Bits: [0x0000000013060000, 0x0000000013fe8000)
 End Bits:   [0x0000000013fe8000, 0x0000000014f70000)

Polling page: 0x0000000001270000

CodeCache: size=245760Kb used=14632Kb max_used=14968Kb free=231128Kb
 bounds [0x0000000003150000, 0x0000000004020000, 0x0000000012150000]
 total_blobs=4881 nmethods=4246 adapters=544
 compilation: enabled

Compilation events (10 events):
Event: 15.039 Thread 0x0000000017a66000 nmethod 5177 0x0000000003ec3e50 code [0x0000000003ec3fa0, 0x0000000003ec40b0]
Event: 15.039 Thread 0x0000000017a66000 5178       3       javax.swing.plaf.nimbus.AbstractRegionPainter::decodeColor (14 bytes)
Event: 15.040 Thread 0x0000000017a66000 nmethod 5178 0x0000000003261050 code [0x00000000032611c0, 0x00000000032614c8]
Event: 15.040 Thread 0x0000000017a66000 5179       3       javax.swing.plaf.nimbus.NimbusLookAndFeel::deriveARGB (123 bytes)
Event: 15.040 Thread 0x0000000017a58800 5180       4       sun.java2d.SurfaceData::validatePipe (785 bytes)
Event: 15.041 Thread 0x0000000017a66000 nmethod 5179 0x000000000340ecd0 code [0x000000000340ef80, 0x0000000003410598]
Event: 15.042 Thread 0x0000000017a5c000 nmethod 5176 0x0000000003d77a10 code [0x0000000003d77b60, 0x0000000003d77d28]
Event: 15.062 Thread 0x0000000017a58800 nmethod 5180 0x00000000033df6d0 code [0x00000000033df940, 0x00000000033e0480]
Event: 15.444 Thread 0x0000000017a66000 5181   !   3       java.awt.Component::reshape (312 bytes)
Event: 15.447 Thread 0x0000000017a66000 nmethod 5181 0x0000000003d7d190 code [0x0000000003d7d400, 0x0000000003d7e998]

GC Heap History (10 events):
Event: 12.629 GC heap before
{Heap before GC invocations=32 (full 1):
 PSYoungGen      total 316416K, used 308970K [0x00000000eb500000, 0x0000000100000000, 0x0000000100000000)
  eden space 293888K, 100% used [0x00000000eb500000,0x00000000fd400000,0x00000000fd400000)
  from space 22528K, 66% used [0x00000000fea00000,0x00000000ff8ba950,0x0000000100000000)
  to   space 22528K, 0% used [0x00000000fd400000,0x00000000fd400000,0x00000000fea00000)
 ParOldGen       total 72704K, used 39099K [0x00000000c1e00000, 0x00000000c6500000, 0x00000000eb500000)
  object space 72704K, 53% used [0x00000000c1e00000,0x00000000c442ec58,0x00000000c6500000)
 Metaspace       used 22034K, capacity 22254K, committed 22704K, reserved 1069056K
  class space    used 2666K, capacity 2735K, committed 2816K, reserved 1048576K
Event: 12.633 GC heap after
Heap after GC invocations=32 (full 1):
 PSYoungGen      total 316416K, used 15097K [0x00000000eb500000, 0x0000000100000000, 0x0000000100000000)
  eden space 293888K, 0% used [0x00000000eb500000,0x00000000eb500000,0x00000000fd400000)
  from space 22528K, 67% used [0x00000000fd400000,0x00000000fe2be718,0x00000000fea00000)
  to   space 22528K, 0% used [0x00000000fea00000,0x00000000fea00000,0x0000000100000000)
 ParOldGen       total 72704K, used 39123K [0x00000000c1e00000, 0x00000000c6500000, 0x00000000eb500000)
  object space 72704K, 53% used [0x00000000c1e00000,0x00000000c4434c58,0x00000000c6500000)
 Metaspace       used 22034K, capacity 22254K, committed 22704K, reserved 1069056K
  class space    used 2666K, capacity 2735K, committed 2816K, reserved 1048576K
}
Event: 13.053 GC heap before
{Heap before GC invocations=33 (full 1):
 PSYoungGen      total 316416K, used 308985K [0x00000000eb500000, 0x0000000100000000, 0x0000000100000000)
  eden space 293888K, 100% used [0x00000000eb500000,0x00000000fd400000,0x00000000fd400000)
  from space 22528K, 67% used [0x00000000fd400000,0x00000000fe2be718,0x00000000fea00000)
  to   space 22528K, 0% used [0x00000000fea00000,0x00000000fea00000,0x0000000100000000)
 ParOldGen       total 72704K, used 39123K [0x00000000c1e00000, 0x00000000c6500000, 0x00000000eb500000)
  object space 72704K, 53% used [0x00000000c1e00000,0x00000000c4434c58,0x00000000c6500000)
 Metaspace       used 22034K, capacity 22254K, committed 22704K, reserved 1069056K
  class space    used 2666K, capacity 2735K, committed 2816K, reserved 1048576K
Event: 13.058 GC heap after
Heap after GC invocations=33 (full 1):
 PSYoungGen      total 315392K, used 14940K [0x00000000eb500000, 0x00000000fff00000, 0x0000000100000000)
  eden space 293888K, 0% used [0x00000000eb500000,0x00000000eb500000,0x00000000fd400000)
  from space 21504K, 69% used [0x00000000fea00000,0x00000000ff897100,0x00000000fff00000)
  to   space 22016K, 0% used [0x00000000fd400000,0x00000000fd400000,0x00000000fe980000)
 ParOldGen       total 72704K, used 39139K [0x00000000c1e00000, 0x00000000c6500000, 0x00000000eb500000)
  object space 72704K, 53% used [0x00000000c1e00000,0x00000000c4438c58,0x00000000c6500000)
 Metaspace       used 22034K, capacity 22254K, committed 22704K, reserved 1069056K
  class space    used 2666K, capacity 2735K, committed 2816K, reserved 1048576K
}
Event: 13.604 GC heap before
{Heap before GC invocations=34 (full 1):
 PSYoungGen      total 315392K, used 308828K [0x00000000eb500000, 0x00000000fff00000, 0x0000000100000000)
  eden space 293888K, 100% used [0x00000000eb500000,0x00000000fd400000,0x00000000fd400000)
  from space 21504K, 69% used [0x00000000fea00000,0x00000000ff897100,0x00000000fff00000)
  to   space 22016K, 0% used [0x00000000fd400000,0x00000000fd400000,0x00000000fe980000)
 ParOldGen       total 72704K, used 39139K [0x00000000c1e00000, 0x00000000c6500000, 0x00000000eb500000)
  object space 72704K, 53% used [0x00000000c1e00000,0x00000000c4438c58,0x00000000c6500000)
 Metaspace       used 22630K, capacity 22894K, committed 23344K, reserved 1069056K
  class space    used 2761K, capacity 2863K, committed 2944K, reserved 1048576K
Event: 13.609 GC heap after
Heap after GC invocations=34 (full 1):
 PSYoungGen      total 315904K, used 17082K [0x00000000eb500000, 0x0000000100000000, 0x0000000100000000)
  eden space 293888K, 0% used [0x00000000eb500000,0x00000000eb500000,0x00000000fd400000)
  from space 22016K, 77% used [0x00000000fd400000,0x00000000fe4ae9e0,0x00000000fe980000)
  to   space 23040K, 0% used [0x00000000fe980000,0x00000000fe980000,0x0000000100000000)
 ParOldGen       total 72704K, used 39171K [0x00000000c1e00000, 0x00000000c6500000, 0x00000000eb500000)
  object space 72704K, 53% used [0x00000000c1e00000,0x00000000c4440c58,0x00000000c6500000)
 Metaspace       used 22630K, capacity 22894K, committed 23344K, reserved 1069056K
  class space    used 2761K, capacity 2863K, committed 2944K, reserved 1048576K
}
Event: 14.487 GC heap before
{Heap before GC invocations=35 (full 1):
 PSYoungGen      total 315904K, used 310970K [0x00000000eb500000, 0x0000000100000000, 0x0000000100000000)
  eden space 293888K, 100% used [0x00000000eb500000,0x00000000fd400000,0x00000000fd400000)
  from space 22016K, 77% used [0x00000000fd400000,0x00000000fe4ae9e0,0x00000000fe980000)
  to   space 23040K, 0% used [0x00000000fe980000,0x00000000fe980000,0x0000000100000000)
 ParOldGen       total 72704K, used 39171K [0x00000000c1e00000, 0x00000000c6500000, 0x00000000eb500000)
  object space 72704K, 53% used [0x00000000c1e00000,0x00000000c4440c58,0x00000000c6500000)
 Metaspace       used 22635K, capacity 22894K, committed 23344K, reserved 1069056K
  class space    used 2761K, capacity 2863K, committed 2944K, reserved 1048576K
Event: 14.492 GC heap after
Heap after GC invocations=35 (full 1):
 PSYoungGen      total 315904K, used 16794K [0x00000000eb500000, 0x0000000100000000, 0x0000000100000000)
  eden space 292864K, 0% used [0x00000000eb500000,0x00000000eb500000,0x00000000fd300000)
  from space 23040K, 72% used [0x00000000fe980000,0x00000000ff9e69e0,0x0000000100000000)
  to   space 23040K, 0% used [0x00000000fd300000,0x00000000fd300000,0x00000000fe980000)
 ParOldGen       total 72704K, used 39203K [0x00000000c1e00000, 0x00000000c6500000, 0x00000000eb500000)
  object space 72704K, 53% used [0x00000000c1e00000,0x00000000c4448c58,0x00000000c6500000)
 Metaspace       used 22635K, capacity 22894K, committed 23344K, reserved 1069056K
  class space    used 2761K, capacity 2863K, committed 2944K, reserved 1048576K
}
Event: 15.560 GC heap before
{Heap before GC invocations=36 (full 1):
 PSYoungGen      total 315904K, used 309658K [0x00000000eb500000, 0x0000000100000000, 0x0000000100000000)
  eden space 292864K, 100% used [0x00000000eb500000,0x00000000fd300000,0x00000000fd300000)
  from space 23040K, 72% used [0x00000000fe980000,0x00000000ff9e69e0,0x0000000100000000)
  to   space 23040K, 0% used [0x00000000fd300000,0x00000000fd300000,0x00000000fe980000)
 ParOldGen       total 72704K, used 39203K [0x00000000c1e00000, 0x00000000c6500000, 0x00000000eb500000)
  object space 72704K, 53% used [0x00000000c1e00000,0x00000000c4448c58,0x00000000c6500000)
 Metaspace       used 22681K, capacity 22894K, committed 23344K, reserved 1069056K
  class space    used 2766K, capacity 2863K, committed 2944K, reserved 1048576K
Event: 15.565 GC heap after
Heap after GC invocations=36 (full 1):
 PSYoungGen      total 309760K, used 16842K [0x00000000eb500000, 0x0000000100000000, 0x0000000100000000)
  eden space 292864K, 0% used [0x00000000eb500000,0x00000000eb500000,0x00000000fd300000)
  from space 16896K, 99% used [0x00000000fd300000,0x00000000fe3729d0,0x00000000fe380000)
  to   space 23552K, 0% used [0x00000000fe900000,0x00000000fe900000,0x0000000100000000)
 ParOldGen       total 72704K, used 39243K [0x00000000c1e00000, 0x00000000c6500000, 0x00000000eb500000)
  object space 72704K, 53% used [0x00000000c1e00000,0x00000000c4452c58,0x00000000c6500000)
 Metaspace       used 22681K, capacity 22894K, committed 23344K, reserved 1069056K
  class space    used 2766K, capacity 2863K, committed 2944K, reserved 1048576K
}

Deoptimization events (10 events):
Event: 13.244 Thread 0x0000000018ac5000 Uncommon trap: reason=bimorphic action=maybe_recompile pc=0x0000000003880520 method=java.awt.Component.validate()V @ 74
Event: 13.245 Thread 0x0000000018ac5000 Uncommon trap: reason=class_check action=maybe_recompile pc=0x0000000003556844 method=java.awt.EventQueue.coalesceEvent(Ljava/awt/AWTEvent;I)Z @ 61
Event: 13.246 Thread 0x0000000018ac5000 Uncommon trap: reason=class_check action=maybe_recompile pc=0x00000000033f4ea0 method=java.awt.EventQueue.cacheEQItem(Lsun/awt/EventQueueItem;)V @ 20
Event: 13.246 Thread 0x0000000018ac5000 Uncommon trap: reason=class_check action=maybe_recompile pc=0x0000000003556844 method=java.awt.EventQueue.coalesceEvent(Ljava/awt/AWTEvent;I)Z @ 61
Event: 13.246 Thread 0x0000000018ac5000 Uncommon trap: reason=class_check action=maybe_recompile pc=0x0000000003556844 method=java.awt.EventQueue.coalesceEvent(Ljava/awt/AWTEvent;I)Z @ 61
Event: 13.246 Thread 0x0000000018ac5000 Uncommon trap: reason=class_check action=maybe_recompile pc=0x0000000003556844 method=java.awt.EventQueue.coalesceEvent(Ljava/awt/AWTEvent;I)Z @ 61
Event: 13.247 Thread 0x000000001ab9d000 Uncommon trap: reason=unstable_if action=reinterpret pc=0x0000000003a45758 method=java.text.SimpleDateFormat.compile(Ljava/lang/String;)[C @ 55
Event: 13.259 Thread 0x0000000018ac5000 Uncommon trap: reason=class_check action=maybe_recompile pc=0x0000000003a431b8 method=java.awt.EventQueue.coalesceEvent(Ljava/awt/AWTEvent;I)Z @ 61
Event: 13.262 Thread 0x0000000018ac5000 Uncommon trap: reason=bimorphic action=maybe_recompile pc=0x0000000003880520 method=java.awt.Component.validate()V @ 74
Event: 13.265 Thread 0x0000000018ac5000 Uncommon trap: reason=class_check action=maybe_recompile pc=0x00000000032c1248 method=java.awt.EventQueue.coalesceEvent(Ljava/awt/AWTEvent;I)Z @ 61

Internal exceptions (10 events):
Event: 0.584 Thread 0x0000000018ac5000 Implicit null exception at 0x00000000035077d2 to 0x000000000350ae75
Event: 1.117 Thread 0x0000000018ac5000 Implicit null exception at 0x00000000035c1070 to 0x00000000035c10cb
Event: 1.517 Thread 0x0000000018ac5000 Implicit null exception at 0x00000000039a8bbb to 0x00000000039ab649
Event: 2.053 Thread 0x0000000018ac5000 Implicit null exception at 0x0000000003b7eb83 to 0x0000000003b86b8d
Event: 2.405 Thread 0x0000000018dda000 Exception <a 'java/lang/InterruptedException': sleep interrupted> (0x00000000edc00d48) thrown at [C:\re\workspace\8-2-build-windows-amd64-cygwin\jdk8u91\6644\hotspot\src\share\vm\prims\jvm.cpp, line 3167]
Event: 8.373 Thread 0x0000000018dda000 Exception <a 'java/lang/InterruptedException': sleep interrupted> (0x00000000f719f508) thrown at [C:\re\workspace\8-2-build-windows-amd64-cygwin\jdk8u91\6644\hotspot\src\share\vm\prims\jvm.cpp, line 3167]
Event: 8.430 Thread 0x0000000018ac5000 Implicit null exception at 0x0000000003399ef0 to 0x000000000339a115
Event: 11.971 Thread 0x000000001aba1800 Implicit null exception at 0x000000000371dd17 to 0x000000000371e5d1
Event: 15.441 Thread 0x000000001ab9d000 Exception <a 'java/io/FileNotFoundException'> (0x00000000fabd2738) thrown at [C:\re\workspace\8-2-build-windows-amd64-cygwin\jdk8u91\6644\hotspot\src\share\vm\prims\jni.cpp, line 709]
Event: 15.442 Thread 0x000000001ab9d000 Exception <a 'java/io/FileNotFoundException'> (0x00000000fabd3328) thrown at [C:\re\workspace\8-2-build-windows-amd64-cygwin\jdk8u91\6644\hotspot\src\share\vm\prims\jni.cpp, line 709]

Events (10 events):
Event: 15.443 Executing VM operation: RevokeBias
Event: 15.443 Executing VM operation: RevokeBias done
Event: 15.443 Executing VM operation: RevokeBias
Event: 15.443 Executing VM operation: RevokeBias done
Event: 15.560 Executing VM operation: ParallelGCFailedAllocation
Event: 15.565 Executing VM operation: ParallelGCFailedAllocation done
Event: 15.565 Executing VM operation: RevokeBias
Event: 15.565 Executing VM operation: RevokeBias done
Event: 15.566 Executing VM operation: RevokeBias
Event: 15.566 Executing VM operation: RevokeBias done


Dynamic libraries:
0x00007ff60b100000 - 0x00007ff60b137000 	C:\Program Files\Java\jdk1.8.0_91\bin\java.exe
0x00007ffe15360000 - 0x00007ffe15550000 	C:\Windows\SYSTEM32\ntdll.dll
0x00007ffe13cf0000 - 0x00007ffe13da2000 	C:\Windows\System32\KERNEL32.DLL
0x00007ffe12db0000 - 0x00007ffe13055000 	C:\Windows\System32\KERNELBASE.dll
0x00007ffe14620000 - 0x00007ffe146c3000 	C:\Windows\System32\ADVAPI32.dll
0x00007ffe14050000 - 0x00007ffe140ee000 	C:\Windows\System32\msvcrt.dll
0x00007ffe14580000 - 0x00007ffe14617000 	C:\Windows\System32\sechost.dll
0x00007ffe13bd0000 - 0x00007ffe13cf0000 	C:\Windows\System32\RPCRT4.dll
0x00007ffe143e0000 - 0x00007ffe14574000 	C:\Windows\System32\USER32.dll
0x00007ffe124f0000 - 0x00007ffe12511000 	C:\Windows\System32\win32u.dll
0x00007ffe14750000 - 0x00007ffe14776000 	C:\Windows\System32\GDI32.dll
0x00007ffe131c0000 - 0x00007ffe13356000 	C:\Windows\System32\gdi32full.dll
0x00007ffe12300000 - 0x00007ffe1239e000 	C:\Windows\System32\msvcp_win.dll
0x00007ffe12cb0000 - 0x00007ffe12daa000 	C:\Windows\System32\ucrtbase.dll
0x00007ffdfbd20000 - 0x00007ffdfbfa4000 	C:\Windows\WinSxS\amd64_microsoft.windows.common-controls_6595b64144ccf1df_6.0.18362.1198_none_9e820b57e45ad92f\COMCTL32.dll
0x00007ffe14780000 - 0x00007ffe14ab5000 	C:\Windows\System32\combase.dll
0x00007ffe130f0000 - 0x00007ffe13170000 	C:\Windows\System32\bcryptPrimitives.dll
0x00007ffe14ce0000 - 0x00007ffe14d0e000 	C:\Windows\System32\IMM32.DLL
0x0000000060720000 - 0x00000000607f2000 	C:\Program Files\Java\jdk1.8.0_91\jre\bin\msvcr100.dll
0x000000005f540000 - 0x000000005fdd3000 	C:\Program Files\Java\jdk1.8.0_91\jre\bin\server\jvm.dll
0x00007ffe13ee0000 - 0x00007ffe13ee8000 	C:\Windows\System32\PSAPI.DLL
0x00007ffe0e6d0000 - 0x00007ffe0e6d9000 	C:\Windows\SYSTEM32\WSOCK32.dll
0x00007ffe0d260000 - 0x00007ffe0d26a000 	C:\Windows\SYSTEM32\VERSION.dll
0x00007ffe0e7a0000 - 0x00007ffe0e7c4000 	C:\Windows\SYSTEM32\WINMM.dll
0x00007ffe146e0000 - 0x00007ffe1474f000 	C:\Windows\System32\WS2_32.dll
0x00007ffe0e770000 - 0x00007ffe0e79d000 	C:\Windows\SYSTEM32\winmmbase.dll
0x00007ffe13170000 - 0x00007ffe131ba000 	C:\Windows\System32\cfgmgr32.dll
0x0000000061b70000 - 0x0000000061b7f000 	C:\Program Files\Java\jdk1.8.0_91\jre\bin\verify.dll
0x00000000606b0000 - 0x00000000606d9000 	C:\Program Files\Java\jdk1.8.0_91\jre\bin\java.dll
0x0000000060690000 - 0x00000000606a6000 	C:\Program Files\Java\jdk1.8.0_91\jre\bin\zip.dll
0x00007ffe13410000 - 0x00007ffe13af7000 	C:\Windows\System32\SHELL32.dll
0x00007ffe13db0000 - 0x00007ffe13e59000 	C:\Windows\System32\shcore.dll
0x00007ffe12520000 - 0x00007ffe12ca1000 	C:\Windows\System32\windows.storage.dll
0x00007ffe12240000 - 0x00007ffe12263000 	C:\Windows\System32\profapi.dll
0x00007ffe12290000 - 0x00007ffe122da000 	C:\Windows\System32\powrprof.dll
0x00007ffe12210000 - 0x00007ffe12220000 	C:\Windows\System32\UMPDC.dll
0x00007ffe14df0000 - 0x00007ffe14e42000 	C:\Windows\System32\shlwapi.dll
0x00007ffe12220000 - 0x00007ffe12231000 	C:\Windows\System32\kernel.appcore.dll
0x00007ffe122e0000 - 0x00007ffe122f7000 	C:\Windows\System32\cryptsp.dll
0x00000000604b0000 - 0x0000000060648000 	C:\Program Files\Java\jdk1.8.0_91\jre\bin\awt.dll
0x00007ffe13b00000 - 0x00007ffe13bc5000 	C:\Windows\System32\OLEAUT32.dll
0x00007ffe10170000 - 0x00007ffe101ff000 	C:\Windows\SYSTEM32\apphelp.dll
0x00007ffe104b0000 - 0x00007ffe10549000 	C:\Windows\system32\uxtheme.dll
0x00007ffe142a0000 - 0x00007ffe143d5000 	C:\Windows\System32\MSCTF.dll
0x00007ffe14ad0000 - 0x00007ffe14c27000 	C:\Windows\System32\ole32.dll
0x00007ffe10820000 - 0x00007ffe1084d000 	C:\Windows\system32\DWMAPI.DLL
0x0000000060460000 - 0x00000000604a7000 	C:\Program Files\Java\jdk1.8.0_91\jre\bin\fontmanager.dll
0x0000000060670000 - 0x000000006068a000 	C:\Program Files\Java\jdk1.8.0_91\jre\bin\net.dll
0x00007ffe11a00000 - 0x00007ffe11a67000 	C:\Windows\system32\mswsock.dll
0x0000000060650000 - 0x0000000060661000 	C:\Program Files\Java\jdk1.8.0_91\jre\bin\nio.dll
0x000000005f4f0000 - 0x000000005f532000 	C:\Program Files\Java\jdk1.8.0_91\jre\bin\t2k.dll
0x00007ffe14c30000 - 0x00007ffe14cd2000 	C:\Windows\System32\clbcatq.dll
0x00007ffe07470000 - 0x00007ffe0761f000 	C:\Windows\SYSTEM32\WindowsCodecs.dll
0x00007ffdfbfb0000 - 0x00007ffdfbfea000 	C:\Windows\system32\dataexchange.dll
0x00007ffe0f2d0000 - 0x00007ffe0f52b000 	C:\Windows\system32\d3d11.dll
0x00007ffe0f530000 - 0x00007ffe0f70d000 	C:\Windows\system32\dcomp.dll
0x00007ffe10d80000 - 0x00007ffe10e6b000 	C:\Windows\system32\dxgi.dll
0x00007ffe10cf0000 - 0x00007ffe10d10000 	C:\Windows\SYSTEM32\dxcore.dll
0x00007ffe10220000 - 0x00007ffe10482000 	C:\Windows\system32\twinapi.appcore.dll
0x00007ffe10730000 - 0x00007ffe10759000 	C:\Windows\system32\RMCLIENT.dll
0x00007ffe11750000 - 0x00007ffe1181b000 	C:\Windows\SYSTEM32\DNSAPI.dll
0x00007ffe14ac0000 - 0x00007ffe14ac8000 	C:\Windows\System32\NSI.dll
0x00007ffe11710000 - 0x00007ffe1174a000 	C:\Windows\SYSTEM32\IPHLPAPI.DLL
0x00007ffe07640000 - 0x00007ffe0764a000 	C:\Windows\System32\rasadhlp.dll
0x00007ffe0b4f0000 - 0x00007ffe0b567000 	C:\Windows\System32\fwpuclnt.dll
0x00007ffe13060000 - 0x00007ffe13086000 	C:\Windows\System32\bcrypt.dll
0x00007ffe0b670000 - 0x00007ffe0b70e000 	C:\Windows\System32\TextInputFramework.dll
0x00007ffe0ff40000 - 0x00007ffe10014000 	C:\Windows\System32\CoreMessaging.dll
0x00007ffe08520000 - 0x00007ffe0884a000 	C:\Windows\System32\CoreUIComponents.dll
0x00007ffe111f0000 - 0x00007ffe11221000 	C:\Windows\SYSTEM32\ntmarta.dll
0x00007ffe0e1a0000 - 0x00007ffe0e2f3000 	C:\Windows\SYSTEM32\wintypes.dll
0x000000005f4b0000 - 0x000000005f4da000 	C:\Program Files\Java\jdk1.8.0_91\jre\bin\dcpr.dll
0x00007ffe04e20000 - 0x00007ffe050c7000 	C:\Windows\System32\iertutil.dll
0x000000005ef00000 - 0x000000005efd1000 	C:\Users\Sujan\AppData\Local\Temp\javacpp263108177968500\msvcr100.dll
0x000000005ee60000 - 0x000000005eef8000 	C:\Users\Sujan\AppData\Local\Temp\javacpp263108177968500\msvcp100.dll
0x0000000066840000 - 0x00000000675ca000 	C:\Users\Sujan\AppData\Local\Temp\javacpp263108177968500\opencv_ffmpeg246_64.dll
0x00007ffddc230000 - 0x00007ffddc49f000 	C:\Users\Sujan\AppData\Local\Temp\javacpp263108177968500\opencv_core246.dll
0x00007ffddbf70000 - 0x00007ffddc223000 	C:\Users\Sujan\AppData\Local\Temp\javacpp263108177968500\opencv_imgproc246.dll
0x00007ffdda270000 - 0x00007ffdda4c0000 	C:\Users\Sujan\AppData\Local\Temp\javacpp263108177968500\opencv_highgui246.dll
0x00007ffdf10b0000 - 0x00007ffdf10d9000 	C:\Windows\SYSTEM32\MSVFW32.dll
0x00007ffdf1010000 - 0x00007ffdf1030000 	C:\Windows\SYSTEM32\AVIFIL32.dll
0x00007ffdf0ff0000 - 0x00007ffdf1008000 	C:\Windows\SYSTEM32\AVICAP32.dll
0x00007ffdf0fd0000 - 0x00007ffdf0fec000 	C:\Windows\SYSTEM32\MSACM32.dll
0x00007ffdf0fb0000 - 0x00007ffdf0fc3000 	C:\Users\Sujan\AppData\Local\Temp\javacpp263108177968500\jniopencv_highgui.dll
0x00007ffdf0f90000 - 0x00007ffdf0fa8000 	C:\Windows\System32\devenum.dll
0x00007ffe14eb0000 - 0x00007ffe15320000 	C:\Windows\System32\setupapi.dll
0x00007ffe12000000 - 0x00007ffe1202a000 	C:\Windows\SYSTEM32\DEVOBJ.dll
0x00007ffe13090000 - 0x00007ffe130ec000 	C:\Windows\System32\WINTRUST.dll
0x00007ffe12270000 - 0x00007ffe12282000 	C:\Windows\System32\MSASN1.dll
0x00007ffe123a0000 - 0x00007ffe124e9000 	C:\Windows\System32\CRYPT32.dll
0x00007ffe0ec20000 - 0x00007ffe0ec2b000 	C:\Windows\SYSTEM32\msdmo.dll
0x00007ffdf0c10000 - 0x00007ffdf0c44000 	C:\Windows\System32\qcap.dll
0x00007ffddac10000 - 0x00007ffddadd4000 	C:\Windows\System32\quartz.dll
0x00007ffdf0bc0000 - 0x00007ffdf0c0c000 	C:\Windows\System32\mfksproxy.dll
0x00007ffdfe950000 - 0x00007ffdfe96c000 	C:\Windows\System32\ATL.DLL
0x00007ffdf1e10000 - 0x00007ffdf200a000 	C:\Windows\System32\MFPlat.DLL
0x00007ffdf8910000 - 0x00007ffdf893f000 	C:\Windows\System32\RTWorkQ.DLL
0x00007ffdefbb0000 - 0x00007ffdefc0c000 	C:\Windows\System32\MFSENSORGROUP.dll
0x00007ffdefb60000 - 0x00007ffdefbad000 	C:\Windows\System32\ksproxy.ax
0x00007ffe0bd60000 - 0x00007ffe0bd69000 	C:\Windows\System32\ksuser.dll
0x00007ffe09450000 - 0x00007ffe09617000 	C:\Windows\System32\d3d9.dll
0x00007ffe0cc80000 - 0x00007ffe0cd09000 	C:\Windows\SYSTEM32\policymanager.dll
0x00007ffe0dfc0000 - 0x00007ffe0e04a000 	C:\Windows\System32\msvcp110_win.dll
0x00007ffe0aeb0000 - 0x00007ffe0aebd000 	C:\Windows\System32\vidcap.ax
0x00007ffdf0a70000 - 0x00007ffdf0a96000 	C:\Windows\System32\kswdmcap.ax
0x00007ffde4460000 - 0x00007ffde45c2000 	C:\Windows\System32\MFC42.dll
0x00007ffde4180000 - 0x00007ffde4221000 	C:\Windows\System32\qedit.dll
0x00007ffe13f80000 - 0x00007ffe14050000 	C:\Windows\System32\COMDLG32.dll
0x00007ffdf9650000 - 0x00007ffdf97f3000 	C:\Windows\WinSxS\amd64_microsoft.windows.gdiplus_6595b64144ccf1df_1.1.18362.1198_none_cf6cfe3d3eed52fd\gdiplus.dll
0x00007ffdf0800000 - 0x00007ffdf08f7000 	C:\Windows\System32\DDRAW.dll
0x00007ffe077b0000 - 0x00007ffe077b8000 	C:\Windows\System32\DCIMAN32.dll
0x00007ffdd4f70000 - 0x00007ffdd5441000 	C:\Program Files (x86)\K-Lite Codec Pack\Filters\ffdshow64\ffdshow.ax
0x00007ffdf04b0000 - 0x00007ffdf04de000 	C:\Windows\SYSTEM32\DINPUT.dll
0x00007ffe12120000 - 0x00007ffe12157000 	C:\Windows\SYSTEM32\SspiCli.dll
0x00007ffe09330000 - 0x00007ffe0944b000 	C:\Windows\SYSTEM32\inputhost.dll
0x00007ffe10fc0000 - 0x00007ffe110b0000 	C:\Windows\SYSTEM32\PROPSYS.dll
0x00007ffdd4ca0000 - 0x00007ffdd4eb8000 	C:\Program Files (x86)\K-Lite Codec Pack\Filters\vsfilter64.dll
0x00007ffdf9170000 - 0x00007ffdf9645000 	C:\Windows\SYSTEM32\WININET.dll
0x00007ffe044a0000 - 0x00007ffe04529000 	C:\Windows\SYSTEM32\WINSPOOL.DRV
0x00007ffe0af60000 - 0x00007ffe0afa0000 	C:\Windows\System32\CapabilityAccessManagerClient.dll
0x00007ffdda1d0000 - 0x00007ffdda26a000 	C:\Users\Sujan\AppData\Local\Temp\javacpp263108177968500\jniopencv_core.dll
0x00007ffe0be10000 - 0x00007ffe0c004000 	C:\Windows\SYSTEM32\dbghelp.dll

VM Arguments:
jvm_args: -Dfile.encoding=UTF-8 
java_command: hotel_management_system.loginform
java_class_path (initial): C:\Program Files\NetBeans-12.1\netbeans\java\modules\ext\AbsoluteLayout.jar;C:\Users\Sujan\Desktop\myWorks\Hotel_Management_System\src\hotel_management_system\Library_files\itextpdf-5.5.9.jar;C:\Users\Sujan\Desktop\myWorks\Hotel_Management_System\src\hotel_management_system\Library_files\DateChooser.jar;C:\Users\Sujan\Desktop\myWorks\Hotel_Management_System\src\hotel_management_system\Library_files\mysql-connector-java-5.1.48.jar;C:\Users\Sujan\Desktop\myWorks\Hotel_Management_System\src\hotel_management_system\Library_files\mysql-connector-java-5.1.48-bin.jar;C:\javacv-bin\javacpp.jar;C:\javacv-bin\javacv-windows-x86.jar;C:\javacv-bin\javacv-windows-x86_64.jar;C:\javacv-bin\javacv.jar;C:\javacv-cppjars\ffmpeg-20130915-git-7ac6c63-windows-x86.jar;C:\javacv-cppjars\ffmpeg-20130915-git-7ac6c63-windows-x86_64.jar;C:\javacv-cppjars\opencv-2.4.6.0-windows-x86.jar;C:\javacv-cppjars\opencv-2.4.6.0-windows-x86_64.jar;C:\Users\Sujan\Desktop\myWorks\Hotel_Management_System\src;C:\Users\Sujan\Desktop\myWorks\Hotel_Management_System\src\hotel_management_system\Library_files\rs2xml.jar;C:\Users\Sujan\Desktop\Library_files\JCalendar.jar;C:\Users\Sujan\Desktop\myWorks\Hotel_Management_System\src\hotel_management_system\Library_files\mail.jar;C:\Users\Sujan\Desktop\myWorks\Hotel_Management_System\build\classes
Launcher Type: SUN_STANDARD

Environment Variables:
CLASSPATH=.;.;.;C:\PROGRA~2\JMF21~1.1E\lib\sound.jar;C:\PROGRA~2\JMF21~1.1E\lib\jmf.jar;C:\PROGRA~2\JMF21~1.1E\lib;
PATH=C:\Program Files (x86)\Common Files\Oracle\Java\javapath;C:\opencv\build\x86\vc14\bin;C:\opencv\build\x64\vc14\bin;C:\Windows\system32;C:\Windows;C:\Windows\System32\Wbem;C:\Windows\System32\WindowsPowerShell\v1.0\;C:\Windows\System32\OpenSSH\;C:\Program Files (x86)\Microsoft SQL Server\100\Tools\Binn\;C:\Program Files\Microsoft SQL Server\100\Tools\Binn\;C:\Program Files\Microsoft SQL Server\100\DTS\Binn\;C:\Program Files (x86)\Brackets\command;C:\Program Files (x86)\GtkSharp\2.12\bin;C:\Program Files\MySQL\MySQL Shell 8.0\bin\;C:\Users\Sujan\AppData\Local\Microsoft\WindowsApps;C:\Users\Sujan\AppData\Local\GitHubDesktop\bin
USERNAME=Sujan
OS=Windows_NT
PROCESSOR_IDENTIFIER=Intel64 Family 6 Model 142 Stepping 10, GenuineIntel



---------------  S Y S T E M  ---------------

OS: Windows 10.0 , 64 bit Build 18362 (10.0.18362.1110)

CPU:total 8 (4 cores per cpu, 2 threads per core) family 6 model 142 stepping 10, cmov, cx8, fxsr, mmx, sse, sse2, sse3, ssse3, sse4.1, sse4.2, popcnt, avx, avx2, aes, clmul, erms, 3dnowpref, lzcnt, ht, tsc, tscinvbit, bmi1, bmi2, adx

Memory: 4k page, physical 4068580k(405116k free), swap 10113912k(2596628k free)

vm_info: Java HotSpot(TM) 64-Bit Server VM (25.91-b14) for windows-amd64 JRE (1.8.0_91-b14), built on Apr  1 2016 00:58:32 by "java_re" with MS VC++ 10.0 (VS2010)

time: Tue Dec 08 11:04:44 2020
elapsed time: 15 seconds (0d 0h 0m 15s)

