#
# A fatal error has been detected by the Java Runtime Environment:
#
#  EXCEPTION_ACCESS_VIOLATION (0xc0000005) at pc=0x00007ff98b3a72a6, pid=12584, tid=14928
#
# JRE version: Java(TM) SE Runtime Environment (8.0_91-b14) (build 1.8.0_91-b14)
# Java VM: Java HotSpot(TM) 64-Bit Server VM (25.91-b14 mixed mode windows-amd64 compressed oops)
# Problematic frame:
# C  [ntdll.dll+0x72a6]
#
# Failed to write core dump. Minidumps are not enabled by default on client versions of Windows
#
# If you would like to submit a bug report, please visit:
#   http://bugreport.java.com/bugreport/crash.jsp
# The crash happened outside the Java Virtual Machine in native code.
# See problematic frame for where to report the bug.
#

---------------  T H R E A D  ---------------

Current thread (0x000000001d1ea800):  JavaThread "Thread-6" [_thread_in_native, id=14928, stack(0x000000001dd20000,0x000000001de20000)]

siginfo: ExceptionCode=0xc0000005, writing address 0x0000000000000024

Registers:
RAX=0x0000000000000000, RBX=0x000000001bcf5788, RCX=0x000000001bcf5788, RDX=0x00000000fffffffa
RSP=0x000000001de1f040, RBP=0x00007ff94db50600, RSI=0x0000000000000000, RDI=0x0000000000000000
R8 =0x0000000000000000, R9 =0x000000001bcf5700, R10=0x0000000000000000, R11=0x0000000000000246
R12=0x0000000000000000, R13=0x0000000001193000, R14=0x0000000000000001, R15=0x0000000000000000
RIP=0x00007ff98b3a72a6, EFLAGS=0x0000000000010213

Top of Stack: (sp=0x000000001de1f040)
0x000000001de1f040:   ffffffffffffffff 000000001bcf5788
0x000000001de1f050:   00000000ebffd920 00000000c2a900a8
0x000000001de1f060:   00000000c2326190 00000000c23262c8
0x000000001de1f070:   0000000000000000 000000001564e3ce
0x000000001de1f080:   000000001de1f100 00000000fffffffa
0x000000001de1f090:   0000000001193000 0000000000000500
0x000000001de1f0a0:   0000000000000000 0000000000000000
0x000000001de1f0b0:   00000000000002d0 0000000000000500
0x000000001de1f0c0:   000000001de1f120 000000000339835d
0x000000001de1f0d0:   00005f91f00982cf 00000000ebffd920
0x000000001de1f0e0:   000000001d1ea800 0000000000000001
0x000000001de1f0f0:   0000000000000001 0000000000000001
0x000000001de1f100:   0000000000000000 000000001bcf5788
0x000000001de1f110:   00007ff94db50600 00007ff98b3bb576
0x000000001de1f120:   000000001de1f1b0 000000000339835d
0x000000001de1f130:   00000000fffffffa ffffffffff676980 

Instructions: (pc=0x00007ff98b3a72a6)
0x00007ff98b3a7286:   48 39 73 18 0f 84 d1 00 00 00 48 8b 03 48 83 f8
0x00007ff98b3a7296:   ff 0f 84 d1 00 00 00 44 8b fe 48 83 f8 ff 74 03
0x00007ff98b3a72a6:   ff 40 24 4c 8b 73 18 4c 8d 2d 44 82 15 00 bd 22
0x00007ff98b3a72b6:   17 00 00 e8 82 89 03 00 85 c0 0f 85 de 0b 0a 00 


Register to memory mapping:

RAX=0x0000000000000000 is an unknown value
RBX=0x000000001bcf5788 is an unknown value
RCX=0x000000001bcf5788 is an unknown value
RDX=0x00000000fffffffa is an unknown value
RSP=0x000000001de1f040 is pointing into the stack for thread: 0x000000001d1ea800
RBP=0x00007ff94db50600 is an unknown value
RSI=0x0000000000000000 is an unknown value
RDI=0x0000000000000000 is an unknown value
R8 =0x0000000000000000 is an unknown value
R9 =0x000000001bcf5700 is an unknown value
R10=0x0000000000000000 is an unknown value
R11=0x0000000000000246 is an unknown value
R12=0x0000000000000000 is an unknown value
R13=0x0000000001193000 is an unknown value
R14=0x0000000000000001 is an unknown value
R15=0x0000000000000000 is an unknown value


Stack: [0x000000001dd20000,0x000000001de20000],  sp=0x000000001de1f040,  free space=1020k
Native frames: (J=compiled Java code, j=interpreted, Vv=VM code, C=native code)
C  [ntdll.dll+0x72a6]
C  [ntdll.dll+0x1b576]
C  [ntdll.dll+0x1b3c0]
C  [opencv_highgui246.dll+0x200d3]
C  [opencv_highgui246.dll+0x210b6]
C  [opencv_highgui246.dll+0x10b2]
C  [jniopencv_highgui.dll+0x75d9]
C  0x00000000033a7f54

Java frames: (J=compiled Java code, j=interpreted, Vv=VM code)
j  com.googlecode.javacv.cpp.opencv_highgui.cvQueryFrame(Lcom/googlecode/javacv/cpp/opencv_highgui$CvCapture;)Lcom/googlecode/javacv/cpp/opencv_core$IplImage;+0
j  hotel_management_system.Camera.run()V+52
j  java.lang.Thread.run()V+11
v  ~StubRoutines::call_stub

---------------  P R O C E S S  ---------------

Java Threads: ( => current thread )
=>0x000000001d1ea800 JavaThread "Thread-6" [_thread_in_native, id=14928, stack(0x000000001dd20000,0x000000001de20000)]
  0x00000000191ca000 JavaThread "mysql-cj-abandoned-connection-cleanup" daemon [_thread_blocked, id=7892, stack(0x000000001ae80000,0x000000001af80000)]
  0x00000000191b3800 JavaThread "TimerQueue" daemon [_thread_in_Java, id=11992, stack(0x000000001ad80000,0x000000001ae80000)]
  0x00000000018ee000 JavaThread "DestroyJavaVM" [_thread_blocked, id=6856, stack(0x0000000003190000,0x0000000003290000)]
  0x0000000018c96800 JavaThread "AWT-EventQueue-0" [_thread_in_native, id=10952, stack(0x0000000019bc0000,0x0000000019cc0000)]
  0x0000000018c3a800 JavaThread "AWT-Windows" daemon [_thread_in_native, id=6136, stack(0x00000000195c0000,0x00000000196c0000)]
  0x0000000018c38000 JavaThread "AWT-Shutdown" [_thread_blocked, id=9460, stack(0x00000000194c0000,0x00000000195c0000)]
  0x0000000018c37800 JavaThread "Java2D Disposer" daemon [_thread_blocked, id=3608, stack(0x00000000193c0000,0x00000000194c0000)]
  0x0000000017d50800 JavaThread "Service Thread" daemon [_thread_blocked, id=6940, stack(0x0000000018880000,0x0000000018980000)]
  0x0000000017cbb800 JavaThread "C1 CompilerThread3" daemon [_thread_blocked, id=15340, stack(0x0000000018780000,0x0000000018880000)]
  0x0000000017cb9000 JavaThread "C2 CompilerThread2" daemon [_thread_blocked, id=5160, stack(0x0000000018680000,0x0000000018780000)]
  0x0000000017cae000 JavaThread "C2 CompilerThread1" daemon [_thread_blocked, id=8716, stack(0x0000000018580000,0x0000000018680000)]
  0x0000000017caa800 JavaThread "C2 CompilerThread0" daemon [_thread_blocked, id=3076, stack(0x0000000018480000,0x0000000018580000)]
  0x0000000017ca9000 JavaThread "Attach Listener" daemon [_thread_blocked, id=15468, stack(0x0000000018380000,0x0000000018480000)]
  0x0000000017ca8000 JavaThread "Signal Dispatcher" daemon [_thread_blocked, id=1576, stack(0x0000000018280000,0x0000000018380000)]
  0x000000000338e000 JavaThread "Finalizer" daemon [_thread_blocked, id=5772, stack(0x0000000018080000,0x0000000018180000)]
  0x0000000003387000 JavaThread "Reference Handler" daemon [_thread_blocked, id=12564, stack(0x0000000017b80000,0x0000000017c80000)]

Other Threads:
  0x0000000015d98000 VMThread [stack: 0x0000000017a80000,0x0000000017b80000] [id=4332]
  0x0000000017d56000 WatcherThread [stack: 0x0000000018980000,0x0000000018a80000] [id=11008]

VM state:not at safepoint (normal execution)

VM Mutex/Monitor currently owned by a thread: None

Heap:
 PSYoungGen      total 322048K, used 315284K [0x00000000eb500000, 0x0000000100000000, 0x0000000100000000)
  eden space 313344K, 97% used [0x00000000eb500000,0x00000000fe09c0f8,0x00000000fe700000)
  from space 8704K, 97% used [0x00000000fe700000,0x00000000fef49030,0x00000000fef80000)
  to   space 13312K, 0% used [0x00000000ff300000,0x00000000ff300000,0x0000000100000000)
 ParOldGen       total 79872K, used 24849K [0x00000000c1e00000, 0x00000000c6c00000, 0x00000000eb500000)
  object space 79872K, 31% used [0x00000000c1e00000,0x00000000c36446c0,0x00000000c6c00000)
 Metaspace       used 20493K, capacity 20736K, committed 20992K, reserved 1067008K
  class space    used 2444K, capacity 2528K, committed 2560K, reserved 1048576K

Card table byte_map: [0x0000000012750000,0x0000000012950000] byte_map_base: 0x0000000012141000

Marking Bits: (ParMarkBitMap*) 0x0000000050fb2f70
 Begin Bits: [0x00000000132a0000, 0x0000000014228000)
 End Bits:   [0x0000000014228000, 0x00000000151b0000)

Polling page: 0x0000000001420000

CodeCache: size=245760Kb used=9406Kb max_used=11095Kb free=236354Kb
 bounds [0x0000000003390000, 0x0000000003e80000, 0x0000000012390000]
 total_blobs=3532 nmethods=2894 adapters=548
 compilation: enabled

Compilation events (10 events):
Event: 14.192 Thread 0x0000000017cbb800 3451       1       sun.util.locale.StringTokenIterator::current (5 bytes)
Event: 14.192 Thread 0x0000000017cbb800 nmethod 3451 0x0000000003931590 code [0x00000000039316e0, 0x00000000039317f0]
Event: 14.192 Thread 0x0000000017cbb800 3452       3       sun.util.locale.LocaleUtils::caseIgnoreMatch (73 bytes)
Event: 14.193 Thread 0x0000000017cb9000 3453       4       java.awt.Color::getAlpha (12 bytes)
Event: 14.193 Thread 0x0000000017cb9000 nmethod 3453 0x0000000003709ed0 code [0x000000000370a000, 0x000000000370a078]
Event: 14.193 Thread 0x0000000017cbb800 nmethod 3452 0x000000000355a910 code [0x000000000355ab20, 0x000000000355b7d8]
Event: 14.194 Thread 0x0000000017cbb800 3454   !   3       sun.dc.pr.Rasterizer::getAlpha (76 bytes)
Event: 14.195 Thread 0x0000000017cbb800 nmethod 3454 0x00000000035cff50 code [0x00000000035d0180, 0x00000000035d0da8]
Event: 14.195 Thread 0x0000000017cbb800 3455       3       sun.dc.pr.PathFiller::writeAlpha (10 bytes)
Event: 14.195 Thread 0x0000000017cbb800 nmethod 3455 0x0000000003931110 code [0x0000000003931280, 0x0000000003931408]

GC Heap History (10 events):
Event: 12.410 GC heap before
{Heap before GC invocations=36 (full 3):
 PSYoungGen      total 328704K, used 322560K [0x00000000eb500000, 0x0000000100000000, 0x0000000100000000)
  eden space 322560K, 100% used [0x00000000eb500000,0x00000000ff000000,0x00000000ff000000)
  from space 6144K, 0% used [0x00000000ffa00000,0x00000000ffa00000,0x0000000100000000)
  to   space 8192K, 0% used [0x00000000ff000000,0x00000000ff000000,0x00000000ff800000)
 ParOldGen       total 79872K, used 22025K [0x00000000c1e00000, 0x00000000c6c00000, 0x00000000eb500000)
  object space 79872K, 27% used [0x00000000c1e00000,0x00000000c33825e8,0x00000000c6c00000)
 Metaspace       used 20311K, capacity 20512K, committed 20736K, reserved 1067008K
  class space    used 2413K, capacity 2496K, committed 2560K, reserved 1048576K
Event: 12.412 GC heap after
Heap after GC invocations=36 (full 3):
 PSYoungGen      total 328704K, used 5752K [0x00000000eb500000, 0x0000000100000000, 0x0000000100000000)
  eden space 322560K, 0% used [0x00000000eb500000,0x00000000eb500000,0x00000000ff000000)
  from space 6144K, 93% used [0x00000000ff000000,0x00000000ff59e020,0x00000000ff600000)
  to   space 8704K, 0% used [0x00000000ff780000,0x00000000ff780000,0x0000000100000000)
 ParOldGen       total 79872K, used 24725K [0x00000000c1e00000, 0x00000000c6c00000, 0x00000000eb500000)
  object space 79872K, 30% used [0x00000000c1e00000,0x00000000c36255f8,0x00000000c6c00000)
 Metaspace       used 20311K, capacity 20512K, committed 20736K, reserved 1067008K
  class space    used 2413K, capacity 2496K, committed 2560K, reserved 1048576K
}
Event: 12.868 GC heap before
{Heap before GC invocations=37 (full 3):
 PSYoungGen      total 328704K, used 328312K [0x00000000eb500000, 0x0000000100000000, 0x0000000100000000)
  eden space 322560K, 100% used [0x00000000eb500000,0x00000000ff000000,0x00000000ff000000)
  from space 6144K, 93% used [0x00000000ff000000,0x00000000ff59e020,0x00000000ff600000)
  to   space 8704K, 0% used [0x00000000ff780000,0x00000000ff780000,0x0000000100000000)
 ParOldGen       total 79872K, used 24725K [0x00000000c1e00000, 0x00000000c6c00000, 0x00000000eb500000)
  object space 79872K, 30% used [0x00000000c1e00000,0x00000000c36255f8,0x00000000c6c00000)
 Metaspace       used 20314K, capacity 20512K, committed 20736K, reserved 1067008K
  class space    used 2413K, capacity 2496K, committed 2560K, reserved 1048576K
Event: 12.871 GC heap after
Heap after GC invocations=37 (full 3):
 PSYoungGen      total 327168K, used 8484K [0x00000000eb500000, 0x0000000100000000, 0x0000000100000000)
  eden space 318464K, 0% used [0x00000000eb500000,0x00000000eb500000,0x00000000fec00000)
  from space 8704K, 97% used [0x00000000ff780000,0x00000000fffc9030,0x0000000100000000)
  to   space 10240K, 0% used [0x00000000fec00000,0x00000000fec00000,0x00000000ff600000)
 ParOldGen       total 79872K, used 24725K [0x00000000c1e00000, 0x00000000c6c00000, 0x00000000eb500000)
  object space 79872K, 30% used [0x00000000c1e00000,0x00000000c36255f8,0x00000000c6c00000)
 Metaspace       used 20314K, capacity 20512K, committed 20736K, reserved 1067008K
  class space    used 2413K, capacity 2496K, committed 2560K, reserved 1048576K
}
Event: 13.260 GC heap before
{Heap before GC invocations=38 (full 3):
 PSYoungGen      total 327168K, used 326948K [0x00000000eb500000, 0x0000000100000000, 0x0000000100000000)
  eden space 318464K, 100% used [0x00000000eb500000,0x00000000fec00000,0x00000000fec00000)
  from space 8704K, 97% used [0x00000000ff780000,0x00000000fffc9030,0x0000000100000000)
  to   space 10240K, 0% used [0x00000000fec00000,0x00000000fec00000,0x00000000ff600000)
 ParOldGen       total 79872K, used 24839K [0x00000000c1e00000, 0x00000000c6c00000, 0x00000000eb500000)
  object space 79872K, 31% used [0x00000000c1e00000,0x00000000c3641fa8,0x00000000c6c00000)
 Metaspace       used 20314K, capacity 20512K, committed 20736K, reserved 1067008K
  class space    used 2413K, capacity 2496K, committed 2560K, reserved 1048576K
Event: 13.262 GC heap after
Heap after GC invocations=38 (full 3):
 PSYoungGen      total 327168K, used 8452K [0x00000000eb500000, 0x0000000100000000, 0x0000000100000000)
  eden space 318464K, 0% used [0x00000000eb500000,0x00000000eb500000,0x00000000fec00000)
  from space 8704K, 97% used [0x00000000fec00000,0x00000000ff441030,0x00000000ff480000)
  to   space 11776K, 0% used [0x00000000ff480000,0x00000000ff480000,0x0000000100000000)
 ParOldGen       total 79872K, used 24839K [0x00000000c1e00000, 0x00000000c6c00000, 0x00000000eb500000)
  object space 79872K, 31% used [0x00000000c1e00000,0x00000000c3641fa8,0x00000000c6c00000)
 Metaspace       used 20314K, capacity 20512K, committed 20736K, reserved 1067008K
  class space    used 2413K, capacity 2496K, committed 2560K, reserved 1048576K
}
Event: 13.663 GC heap before
{Heap before GC invocations=39 (full 3):
 PSYoungGen      total 327168K, used 326916K [0x00000000eb500000, 0x0000000100000000, 0x0000000100000000)
  eden space 318464K, 100% used [0x00000000eb500000,0x00000000fec00000,0x00000000fec00000)
  from space 8704K, 97% used [0x00000000fec00000,0x00000000ff441030,0x00000000ff480000)
  to   space 11776K, 0% used [0x00000000ff480000,0x00000000ff480000,0x0000000100000000)
 ParOldGen       total 79872K, used 24841K [0x00000000c1e00000, 0x00000000c6c00000, 0x00000000eb500000)
  object space 79872K, 31% used [0x00000000c1e00000,0x00000000c36426c0,0x00000000c6c00000)
 Metaspace       used 20319K, capacity 20512K, committed 20736K, reserved 1067008K
  class space    used 2413K, capacity 2496K, committed 2560K, reserved 1048576K
Event: 13.666 GC heap after
Heap after GC invocations=39 (full 3):
 PSYoungGen      total 325120K, used 8452K [0x00000000eb500000, 0x0000000100000000, 0x0000000100000000)
  eden space 313344K, 0% used [0x00000000eb500000,0x00000000eb500000,0x00000000fe700000)
  from space 11776K, 71% used [0x00000000ff480000,0x00000000ffcc1030,0x0000000100000000)
  to   space 12800K, 0% used [0x00000000fe700000,0x00000000fe700000,0x00000000ff380000)
 ParOldGen       total 79872K, used 24849K [0x00000000c1e00000, 0x00000000c6c00000, 0x00000000eb500000)
  object space 79872K, 31% used [0x00000000c1e00000,0x00000000c36446c0,0x00000000c6c00000)
 Metaspace       used 20319K, capacity 20512K, committed 20736K, reserved 1067008K
  class space    used 2413K, capacity 2496K, committed 2560K, reserved 1048576K
}
Event: 14.053 GC heap before
{Heap before GC invocations=40 (full 3):
 PSYoungGen      total 325120K, used 321796K [0x00000000eb500000, 0x0000000100000000, 0x0000000100000000)
  eden space 313344K, 100% used [0x00000000eb500000,0x00000000fe700000,0x00000000fe700000)
  from space 11776K, 71% used [0x00000000ff480000,0x00000000ffcc1030,0x0000000100000000)
  to   space 12800K, 0% used [0x00000000fe700000,0x00000000fe700000,0x00000000ff380000)
 ParOldGen       total 79872K, used 24849K [0x00000000c1e00000, 0x00000000c6c00000, 0x00000000eb500000)
  object space 79872K, 31% used [0x00000000c1e00000,0x00000000c36446c0,0x00000000c6c00000)
 Metaspace       used 20321K, capacity 20512K, committed 20736K, reserved 1067008K
  class space    used 2413K, capacity 2496K, committed 2560K, reserved 1048576K
Event: 14.055 GC heap after
Heap after GC invocations=40 (full 3):
 PSYoungGen      total 322048K, used 8484K [0x00000000eb500000, 0x0000000100000000, 0x0000000100000000)
  eden space 313344K, 0% used [0x00000000eb500000,0x00000000eb500000,0x00000000fe700000)
  from space 8704K, 97% used [0x00000000fe700000,0x00000000fef49030,0x00000000fef80000)
  to   space 13312K, 0% used [0x00000000ff300000,0x00000000ff300000,0x0000000100000000)
 ParOldGen       total 79872K, used 24849K [0x00000000c1e00000, 0x00000000c6c00000, 0x00000000eb500000)
  object space 79872K, 31% used [0x00000000c1e00000,0x00000000c36446c0,0x00000000c6c00000)
 Metaspace       used 20321K, capacity 20512K, committed 20736K, reserved 1067008K
  class space    used 2413K, capacity 2496K, committed 2560K, reserved 1048576K
}

Deoptimization events (10 events):
Event: 10.852 Thread 0x0000000018c96800 Uncommon trap: reason=unstable_if action=reinterpret pc=0x0000000003accce8 method=java.awt.event.InvocationEvent.finishedDispatching(Z)V @ 9
Event: 10.916 Thread 0x0000000018c96800 Uncommon trap: reason=class_check action=maybe_recompile pc=0x00000000039ade0c method=java.awt.event.InvocationEvent.dispatch()V @ 11
Event: 10.923 Thread 0x0000000018c96800 Uncommon trap: reason=class_check action=maybe_recompile pc=0x0000000003def548 method=java.awt.EventQueue.coalesceEvent(Ljava/awt/AWTEvent;I)Z @ 61
Event: 10.923 Thread 0x0000000018c96800 Uncommon trap: reason=class_check action=maybe_recompile pc=0x0000000003def548 method=java.awt.EventQueue.coalesceEvent(Ljava/awt/AWTEvent;I)Z @ 61
Event: 10.923 Thread 0x0000000018c96800 Uncommon trap: reason=class_check action=maybe_recompile pc=0x0000000003def548 method=java.awt.EventQueue.coalesceEvent(Ljava/awt/AWTEvent;I)Z @ 61
Event: 10.924 Thread 0x0000000018c96800 Uncommon trap: reason=class_check action=maybe_recompile pc=0x0000000003def548 method=java.awt.EventQueue.coalesceEvent(Ljava/awt/AWTEvent;I)Z @ 61
Event: 10.972 Thread 0x000000001d1ea800 Uncommon trap: reason=unstable_if action=reinterpret pc=0x0000000003a119e4 method=com.googlecode.javacv.cpp.opencv_core$IplImage.flipCopyWithGamma(Ljava/nio/ByteBuffer;ILjava/nio/ByteBuffer;IZDZI)V @ 50
Event: 11.000 Thread 0x00000000191b3800 Uncommon trap: reason=unstable_if action=reinterpret pc=0x0000000003b1173c method=java.util.concurrent.locks.ReentrantLock$Sync.nonfairTryAcquire(I)Z @ 19
Event: 11.660 Thread 0x0000000018c3a800 Uncommon trap: reason=unstable_if action=reinterpret pc=0x0000000003abebac method=java.util.concurrent.locks.ReentrantLock$Sync.nonfairTryAcquire(I)Z @ 19
Event: 14.782 Thread 0x0000000018c96800 Uncommon trap: reason=unstable_if action=reinterpret pc=0x0000000003cbaed4 method=javax.swing.UIDefaults.getFromResourceBundle(Ljava/lang/Object;Ljava/util/Locale;)Ljava/lang/Object; @ 27

Internal exceptions (10 events):
Event: 0.250 Thread 0x00000000018ee000 Exception <a 'java/lang/ClassNotFoundException': javax/swing/JTreeCell> (0x00000000eb8ba8c8) thrown at [C:\re\workspace\8-2-build-windows-amd64-cygwin\jdk8u91\6644\hotspot\src\share\vm\classfile\systemDictionary.cpp, line 210]
Event: 0.250 Thread 0x00000000018ee000 Exception <a 'java/lang/ClassNotFoundException': TreeCell> (0x00000000eb8bad50) thrown at [C:\re\workspace\8-2-build-windows-amd64-cygwin\jdk8u91\6644\hotspot\src\share\vm\classfile\systemDictionary.cpp, line 210]
Event: 0.250 Thread 0x00000000018ee000 Exception <a 'java/lang/ClassNotFoundException': RootPane> (0x00000000eb8bb7b0) thrown at [C:\re\workspace\8-2-build-windows-amd64-cygwin\jdk8u91\6644\hotspot\src\share\vm\classfile\systemDictionary.cpp, line 210]
Event: 0.583 Thread 0x0000000018c96800 Implicit null exception at 0x00000000036f70c5 to 0x00000000036f7115
Event: 0.966 Thread 0x0000000018c96800 Implicit null exception at 0x00000000036f7450 to 0x00000000036f74b1
Event: 0.983 Thread 0x0000000018c96800 Implicit null exception at 0x000000000389106b to 0x000000000389212d
Event: 1.049 Thread 0x0000000018de7000 Exception <a 'java/lang/InterruptedException': sleep interrupted> (0x00000000ed2d9280) thrown at [C:\re\workspace\8-2-build-windows-amd64-cygwin\jdk8u91\6644\hotspot\src\share\vm\prims\jvm.cpp, line 3167]
Event: 5.959 Thread 0x0000000018de7000 Exception <a 'java/lang/InterruptedException': sleep interrupted> (0x00000000eb75b6b8) thrown at [C:\re\workspace\8-2-build-windows-amd64-cygwin\jdk8u91\6644\hotspot\src\share\vm\prims\jvm.cpp, line 3167]
Event: 6.016 Thread 0x0000000018c96800 Implicit null exception at 0x0000000003ccfeb0 to 0x0000000003cd00d5
Event: 14.782 Thread 0x0000000018c96800 Exception <a 'java/lang/IllegalMonitorStateException'> (0x00000000f5b0da60) thrown at [C:\re\workspace\8-2-build-windows-amd64-cygwin\jdk8u91\6644\hotspot\src\share\vm\runtime\objectMonitor.cpp, line 1471]

Events (10 events):
Event: 14.270 loading class java/util/concurrent/Executors$DefaultThreadFactory done
Event: 14.782 Thread 0x0000000018c96800 Uncommon trap: trap_request=0xffffff65 fr.pc=0x0000000003cbaed4
Event: 14.782 Thread 0x0000000018c96800 DEOPT PACKING pc=0x0000000003cbaed4 sp=0x0000000019cbcb80
Event: 14.782 Thread 0x0000000018c96800 DEOPT UNPACKING pc=0x00000000033d582a sp=0x0000000019cbcb68 mode 2
Event: 14.782 loading class javax/swing/plaf/synth/SynthOptionPaneUI
Event: 14.816 loading class javax/swing/plaf/basic/BasicOptionPaneUI
Event: 14.842 loading class javax/swing/plaf/OptionPaneUI
Event: 14.848 loading class javax/swing/plaf/OptionPaneUI done
Event: 14.848 loading class javax/swing/plaf/basic/BasicOptionPaneUI done
Event: 14.848 loading class javax/swing/plaf/synth/SynthOptionPaneUI done


Dynamic libraries:
0x00007ff66abe0000 - 0x00007ff66ac17000 	C:\Program Files\Java\jdk1.8.0_91\bin\java.exe
0x00007ff98b3a0000 - 0x00007ff98b590000 	C:\Windows\SYSTEM32\ntdll.dll
0x00007ff989610000 - 0x00007ff9896c2000 	C:\Windows\System32\KERNEL32.DLL
0x00007ff989060000 - 0x00007ff989305000 	C:\Windows\System32\KERNELBASE.dll
0x00007ff98a620000 - 0x00007ff98a6c3000 	C:\Windows\System32\ADVAPI32.dll
0x00007ff98a6d0000 - 0x00007ff98a76e000 	C:\Windows\System32\msvcrt.dll
0x00007ff98a7e0000 - 0x00007ff98a877000 	C:\Windows\System32\sechost.dll
0x00007ff98a910000 - 0x00007ff98aa30000 	C:\Windows\System32\RPCRT4.dll
0x00007ff98b0e0000 - 0x00007ff98b274000 	C:\Windows\System32\USER32.dll
0x00007ff989030000 - 0x00007ff989051000 	C:\Windows\System32\win32u.dll
0x00007ff98aae0000 - 0x00007ff98ab06000 	C:\Windows\System32\GDI32.dll
0x00007ff988ce0000 - 0x00007ff988e76000 	C:\Windows\System32\gdi32full.dll
0x00007ff989310000 - 0x00007ff9893ae000 	C:\Windows\System32\msvcp_win.dll
0x00007ff988f30000 - 0x00007ff98902a000 	C:\Windows\System32\ucrtbase.dll
0x00007ff973b70000 - 0x00007ff973df4000 	C:\Windows\WinSxS\amd64_microsoft.windows.common-controls_6595b64144ccf1df_6.0.18362.1139_none_9e7bf2d3e4605ac6\COMCTL32.dll
0x00007ff98ac40000 - 0x00007ff98af75000 	C:\Windows\System32\combase.dll
0x00007ff9893b0000 - 0x00007ff989430000 	C:\Windows\System32\bcryptPrimitives.dll
0x00007ff98a8e0000 - 0x00007ff98a90e000 	C:\Windows\System32\IMM32.DLL
0x0000000051c90000 - 0x0000000051d62000 	C:\Program Files\Java\jdk1.8.0_91\jre\bin\msvcr100.dll
0x00000000507a0000 - 0x0000000051033000 	C:\Program Files\Java\jdk1.8.0_91\jre\bin\server\jvm.dll
0x00007ff98ac30000 - 0x00007ff98ac38000 	C:\Windows\System32\PSAPI.DLL
0x00007ff986d50000 - 0x00007ff986d5a000 	C:\Windows\SYSTEM32\VERSION.dll
0x00007ff981250000 - 0x00007ff981259000 	C:\Windows\SYSTEM32\WSOCK32.dll
0x00007ff9817a0000 - 0x00007ff9817c4000 	C:\Windows\SYSTEM32\WINMM.dll
0x00007ff98abc0000 - 0x00007ff98ac2f000 	C:\Windows\System32\WS2_32.dll
0x00007ff981770000 - 0x00007ff98179d000 	C:\Windows\SYSTEM32\WINMMBASE.dll
0x00007ff988e80000 - 0x00007ff988eca000 	C:\Windows\System32\cfgmgr32.dll
0x0000000053100000 - 0x000000005310f000 	C:\Program Files\Java\jdk1.8.0_91\jre\bin\verify.dll
0x0000000051c60000 - 0x0000000051c89000 	C:\Program Files\Java\jdk1.8.0_91\jre\bin\java.dll
0x00000000530e0000 - 0x00000000530f6000 	C:\Program Files\Java\jdk1.8.0_91\jre\bin\zip.dll
0x00007ff989890000 - 0x00007ff989f77000 	C:\Windows\System32\SHELL32.dll
0x00007ff98ab10000 - 0x00007ff98abb9000 	C:\Windows\System32\shcore.dll
0x00007ff9884b0000 - 0x00007ff988c30000 	C:\Windows\System32\windows.storage.dll
0x00007ff9882c0000 - 0x00007ff9882e3000 	C:\Windows\System32\profapi.dll
0x00007ff988270000 - 0x00007ff9882ba000 	C:\Windows\System32\powrprof.dll
0x00007ff988260000 - 0x00007ff988270000 	C:\Windows\System32\UMPDC.dll
0x00007ff98a780000 - 0x00007ff98a7d2000 	C:\Windows\System32\shlwapi.dll
0x00007ff9882f0000 - 0x00007ff988301000 	C:\Windows\System32\kernel.appcore.dll
0x00007ff989430000 - 0x00007ff989447000 	C:\Windows\System32\cryptsp.dll
0x0000000050600000 - 0x0000000050798000 	C:\Program Files\Java\jdk1.8.0_91\jre\bin\awt.dll
0x00007ff98b290000 - 0x00007ff98b355000 	C:\Windows\System32\OLEAUT32.dll
0x00007ff986230000 - 0x00007ff9862bf000 	C:\Windows\SYSTEM32\apphelp.dll
0x00007ff986850000 - 0x00007ff9868e9000 	C:\Windows\system32\uxtheme.dll
0x00007ff989750000 - 0x00007ff989885000 	C:\Windows\System32\MSCTF.dll
0x00007ff98af80000 - 0x00007ff98b0d7000 	C:\Windows\System32\ole32.dll
0x00007ff986920000 - 0x00007ff98694d000 	C:\Windows\system32\DWMAPI.DLL
0x0000000051bd0000 - 0x0000000051c17000 	C:\Program Files\Java\jdk1.8.0_91\jre\bin\fontmanager.dll
0x0000000051c40000 - 0x0000000051c5a000 	C:\Program Files\Java\jdk1.8.0_91\jre\bin\net.dll
0x00007ff987a50000 - 0x00007ff987ab7000 	C:\Windows\system32\mswsock.dll
0x0000000051c20000 - 0x0000000051c31000 	C:\Program Files\Java\jdk1.8.0_91\jre\bin\nio.dll
0x0000000051b80000 - 0x0000000051bc2000 	C:\Program Files\Java\jdk1.8.0_91\jre\bin\t2k.dll
0x00007ff98aa30000 - 0x00007ff98aad2000 	C:\Windows\System32\clbcatq.dll
0x00007ff97e4d0000 - 0x00007ff97e67f000 	C:\Windows\SYSTEM32\WindowsCodecs.dll
0x00007ff971c10000 - 0x00007ff971c4a000 	C:\Windows\system32\dataexchange.dll
0x00007ff984c90000 - 0x00007ff984eeb000 	C:\Windows\system32\d3d11.dll
0x00007ff985ad0000 - 0x00007ff985cad000 	C:\Windows\system32\dcomp.dll
0x00007ff9870d0000 - 0x00007ff9871bb000 	C:\Windows\system32\dxgi.dll
0x00007ff9870b0000 - 0x00007ff9870d0000 	C:\Windows\SYSTEM32\dxcore.dll
0x00007ff9863f0000 - 0x00007ff986652000 	C:\Windows\system32\twinapi.appcore.dll
0x00007ff986a00000 - 0x00007ff986a29000 	C:\Windows\system32\RMCLIENT.dll
0x00007ff9877a0000 - 0x00007ff98786b000 	C:\Windows\SYSTEM32\DNSAPI.dll
0x00007ff98b280000 - 0x00007ff98b288000 	C:\Windows\System32\NSI.dll
0x00007ff987760000 - 0x00007ff98779a000 	C:\Windows\SYSTEM32\IPHLPAPI.DLL
0x00007ff9740e0000 - 0x00007ff9740ea000 	C:\Windows\System32\rasadhlp.dll
0x00007ff980cc0000 - 0x00007ff980d37000 	C:\Windows\System32\fwpuclnt.dll
0x00007ff988330000 - 0x00007ff988356000 	C:\Windows\System32\bcrypt.dll
0x00007ff97dfc0000 - 0x00007ff97e05e000 	C:\Windows\System32\TextInputFramework.dll
0x00007ff97f9e0000 - 0x00007ff97fd0a000 	C:\Windows\System32\CoreUIComponents.dll
0x00007ff986020000 - 0x00007ff9860f4000 	C:\Windows\System32\CoreMessaging.dll
0x00007ff9872a0000 - 0x00007ff9872d1000 	C:\Windows\SYSTEM32\ntmarta.dll
0x00007ff984110000 - 0x00007ff984263000 	C:\Windows\SYSTEM32\wintypes.dll
0x00000000505c0000 - 0x00000000505ea000 	C:\Program Files\Java\jdk1.8.0_91\jre\bin\dcpr.dll
0x00007ff97d110000 - 0x00007ff97d3b7000 	C:\Windows\System32\iertutil.dll
0x0000000050040000 - 0x0000000050111000 	C:\Users\Sujan\AppData\Local\Temp\javacpp940910035180700\msvcr100.dll
0x0000000077f60000 - 0x0000000077ff8000 	C:\Users\Sujan\AppData\Local\Temp\javacpp940910035180700\msvcp100.dll
0x0000000066840000 - 0x00000000675ca000 	C:\Users\Sujan\AppData\Local\Temp\javacpp940910035180700\opencv_ffmpeg246_64.dll
0x00007ff94eb40000 - 0x00007ff94edaf000 	C:\Users\Sujan\AppData\Local\Temp\javacpp940910035180700\opencv_core246.dll
0x00007ff94db70000 - 0x00007ff94de23000 	C:\Users\Sujan\AppData\Local\Temp\javacpp940910035180700\opencv_imgproc246.dll
0x00007ff94d920000 - 0x00007ff94db70000 	C:\Users\Sujan\AppData\Local\Temp\javacpp940910035180700\opencv_highgui246.dll
0x00007ff968e30000 - 0x00007ff968e50000 	C:\Windows\SYSTEM32\AVIFIL32.dll
0x00007ff967f70000 - 0x00007ff967f88000 	C:\Windows\SYSTEM32\AVICAP32.dll
0x00007ff965dd0000 - 0x00007ff965df9000 	C:\Windows\SYSTEM32\MSVFW32.dll
0x00007ff97dbd0000 - 0x00007ff97dbec000 	C:\Windows\SYSTEM32\MSACM32.dll
0x00007ff967cc0000 - 0x00007ff967cd3000 	C:\Users\Sujan\AppData\Local\Temp\javacpp940910035180700\jniopencv_highgui.dll
0x00007ff9674e0000 - 0x00007ff9674f8000 	C:\Windows\System32\devenum.dll
0x00007ff98a1b0000 - 0x00007ff98a620000 	C:\Windows\System32\setupapi.dll
0x00007ff987ff0000 - 0x00007ff98801a000 	C:\Windows\SYSTEM32\DEVOBJ.dll
0x00007ff988ed0000 - 0x00007ff988f2c000 	C:\Windows\System32\WINTRUST.dll
0x00007ff988310000 - 0x00007ff988322000 	C:\Windows\System32\MSASN1.dll
0x00007ff988360000 - 0x00007ff9884a9000 	C:\Windows\System32\CRYPT32.dll
0x00007ff96ba30000 - 0x00007ff96ba3b000 	C:\Windows\SYSTEM32\msdmo.dll
0x00007ff961770000 - 0x00007ff9617a4000 	C:\Windows\System32\qcap.dll
0x00007ff9578e0000 - 0x00007ff957aa4000 	C:\Windows\System32\quartz.dll
0x00007ff95b870000 - 0x00007ff95b8bc000 	C:\Windows\System32\mfksproxy.dll
0x00007ff985a00000 - 0x00007ff985a1c000 	C:\Windows\System32\ATL.DLL
0x00007ff95ac80000 - 0x00007ff95ae7a000 	C:\Windows\System32\MFPlat.DLL
0x00007ff965280000 - 0x00007ff9652af000 	C:\Windows\System32\RTWorkQ.DLL
0x00007ff95b810000 - 0x00007ff95b86c000 	C:\Windows\System32\MFSENSORGROUP.dll
0x00007ff95b7c0000 - 0x00007ff95b80d000 	C:\Windows\System32\ksproxy.ax
0x00007ff97fed0000 - 0x00007ff980097000 	C:\Windows\System32\d3d9.dll
0x00007ff985a70000 - 0x00007ff985a79000 	C:\Windows\System32\ksuser.dll
0x00007ff982210000 - 0x00007ff982298000 	C:\Windows\SYSTEM32\policymanager.dll
0x00007ff981e90000 - 0x00007ff981f1a000 	C:\Windows\System32\msvcp110_win.dll
0x00007ff96b400000 - 0x00007ff96b40d000 	C:\Windows\System32\vidcap.ax
0x00007ff965110000 - 0x00007ff965136000 	C:\Windows\System32\kswdmcap.ax
0x00007ff954680000 - 0x00007ff9547e2000 	C:\Windows\System32\MFC42.dll
0x00007ff954c40000 - 0x00007ff954ce1000 	C:\Windows\System32\qedit.dll
0x00007ff989540000 - 0x00007ff989610000 	C:\Windows\System32\COMDLG32.dll
0x00007ff982ab0000 - 0x00007ff982c53000 	C:\Windows\WinSxS\amd64_microsoft.windows.gdiplus_6595b64144ccf1df_1.1.18362.1139_none_cf66e5b93ef2d494\gdiplus.dll
0x00007ff972f60000 - 0x00007ff973057000 	C:\Windows\System32\DDRAW.dll
0x00007ff9859f0000 - 0x00007ff9859f8000 	C:\Windows\System32\DCIMAN32.dll
0x00007ff949460000 - 0x00007ff949931000 	C:\Program Files (x86)\K-Lite Codec Pack\Filters\ffdshow64\ffdshow.ax
0x00007ff961670000 - 0x00007ff96169e000 	C:\Windows\SYSTEM32\DINPUT.dll
0x00007ff988170000 - 0x00007ff9881a7000 	C:\Windows\SYSTEM32\SspiCli.dll
0x00007ff97de20000 - 0x00007ff97df3b000 	C:\Windows\SYSTEM32\inputhost.dll
0x00007ff9845e0000 - 0x00007ff9846d0000 	C:\Windows\SYSTEM32\PROPSYS.dll
0x00007ff94d700000 - 0x00007ff94d918000 	C:\Program Files (x86)\K-Lite Codec Pack\Filters\vsfilter64.dll
0x00007ff96c7d0000 - 0x00007ff96cca5000 	C:\Windows\SYSTEM32\WININET.dll
0x00007ff96c1f0000 - 0x00007ff96c279000 	C:\Windows\SYSTEM32\WINSPOOL.DRV
0x00007ff9821b0000 - 0x00007ff9821f0000 	C:\Windows\System32\CapabilityAccessManagerClient.dll
0x00007ff957f30000 - 0x00007ff957fca000 	C:\Users\Sujan\AppData\Local\Temp\javacpp940910035180700\jniopencv_core.dll
0x00007ff96e0f0000 - 0x00007ff96e2e4000 	C:\Windows\SYSTEM32\dbghelp.dll

VM Arguments:
jvm_args: -Dfile.encoding=UTF-8 
java_command: hotel_management_system.loginform
java_class_path (initial): C:\Program Files\NetBeans 8.1\java\modules\ext\AbsoluteLayout.jar;C:\Users\Sujan\Desktop\myWorks\Hotel_Management_System\src\hotel_management_system\Library_files\itextpdf-5.5.9.jar;C:\Users\Sujan\Desktop\myWorks\Hotel_Management_System\src\hotel_management_system\Library_files\DateChooser.jar;C:\Users\Sujan\Desktop\myWorks\Hotel_Management_System\src\hotel_management_system\Library_files\mysql-connector-java-5.1.48.jar;C:\Program Files\NetBeans 8.1\ide\modules\ext\mysql-connector-java-5.1.23-bin.jar;C:\Users\Sujan\Desktop\myWorks\Hotel_Management_System\src\hotel_management_system\Library_files\mysql-connector-java-5.1.48-bin.jar;C:\Program Files\NetBeans 8.1\java\modules\ext\beansbinding-1.2.1.jar;C:\javacv-bin\javacpp.jar;C:\javacv-bin\javacv-windows-x86.jar;C:\javacv-bin\javacv-windows-x86_64.jar;C:\javacv-bin\javacv.jar;C:\javacv-cppjars\ffmpeg-20130915-git-7ac6c63-windows-x86.jar;C:\javacv-cppjars\ffmpeg-20130915-git-7ac6c63-windows-x86_64.jar;C:\javacv-cppjars\opencv-2.4.6.0-windows-x86.jar;C:\javacv-cppjars\opencv-2.4.6.0-windows-x86_64.jar;C:\Users\Sujan\Desktop\myWorks\Hotel_Management_System\src;C:\Users\Sujan\Desktop\myWorks\Hotel_Management_System\build\classes
Launcher Type: SUN_STANDARD

Environment Variables:
CLASSPATH=.;.;.;C:\PROGRA~2\JMF21~1.1E\lib\sound.jar;C:\PROGRA~2\JMF21~1.1E\lib\jmf.jar;C:\PROGRA~2\JMF21~1.1E\lib;
PATH=C:\opencv\build\x86\vc14\bin;C:\opencv\build\x64\vc14\bin;C:\Windows\system32;C:\Windows;C:\Windows\System32\Wbem;C:\Windows\System32\WindowsPowerShell\v1.0\;C:\Windows\System32\OpenSSH\;C:\Program Files (x86)\Microsoft SQL Server\100\Tools\Binn\;C:\Program Files\Microsoft SQL Server\100\Tools\Binn\;C:\Program Files\Microsoft SQL Server\100\DTS\Binn\;C:\Program Files (x86)\Brackets\command;C:\Program Files (x86)\GtkSharp\2.12\bin;C:\Users\Sujan\AppData\Local\Microsoft\WindowsApps;C:\Users\Sujan\AppData\Local\GitHubDesktop\bin
USERNAME=Sujan
OS=Windows_NT
PROCESSOR_IDENTIFIER=Intel64 Family 6 Model 142 Stepping 10, GenuineIntel



---------------  S Y S T E M  ---------------

OS: Windows 10.0 , 64 bit Build 18362 (10.0.18362.1110)

CPU:total 8 (4 cores per cpu, 2 threads per core) family 6 model 142 stepping 10, cmov, cx8, fxsr, mmx, sse, sse2, sse3, ssse3, sse4.1, sse4.2, popcnt, avx, avx2, aes, clmul, erms, 3dnowpref, lzcnt, ht, tsc, tscinvbit, bmi1, bmi2, adx

Memory: 4k page, physical 4068580k(754660k free), swap 9930456k(1515128k free)

vm_info: Java HotSpot(TM) 64-Bit Server VM (25.91-b14) for windows-amd64 JRE (1.8.0_91-b14), built on Apr  1 2016 00:58:32 by "java_re" with MS VC++ 10.0 (VS2010)

time: Tue Nov 10 23:05:22 2020
elapsed time: 14 seconds (0d 0h 0m 14s)

